[1.045s] Invoking command in '/home/vedantso/TalkrBot/build/talkrbot_feedback': PYTHONPATH=/home/vedantso/TalkrBot/build/talkrbot_feedback/prefix_override:/usr/lib/python3/dist-packages/colcon_core/task/python/colcon_distutils_commands:/home/vedantso/TalkrBot/install/talkrbot_feedback/lib/python3.10/site-packages:${PYTHONPATH} /usr/bin/python3 -W ignore:setup.py install is deprecated -W ignore:easy_install command is deprecated setup.py develop --uninstall --editable --build-directory /home/vedantso/TalkrBot/build/talkrbot_feedback/build
[1.207s] running develop
[1.298s] Removing /home/vedantso/TalkrBot/install/talkrbot_feedback/lib/python3.10/site-packages/talkrbot-feedback.egg-link (link to .)
[1.319s] Invoked command in '/home/vedantso/TalkrBot/build/talkrbot_feedback' returned '0': PYTHONPATH=/home/vedantso/TalkrBot/build/talkrbot_feedback/prefix_override:/usr/lib/python3/dist-packages/colcon_core/task/python/colcon_distutils_commands:/home/vedantso/TalkrBot/install/talkrbot_feedback/lib/python3.10/site-packages:${PYTHONPATH} /usr/bin/python3 -W ignore:setup.py install is deprecated -W ignore:easy_install command is deprecated setup.py develop --uninstall --editable --build-directory /home/vedantso/TalkrBot/build/talkrbot_feedback/build
[1.320s] Invoking command in '/home/vedantso/TalkrBot/talkrbot_feedback': PYTHONPATH=/home/vedantso/TalkrBot/build/talkrbot_feedback/prefix_override:/usr/lib/python3/dist-packages/colcon_core/task/python/colcon_distutils_commands:/home/vedantso/TalkrBot/install/talkrbot_feedback/lib/python3.10/site-packages:${PYTHONPATH} /usr/bin/python3 -W ignore:setup.py install is deprecated -W ignore:easy_install command is deprecated setup.py egg_info --egg-base ../build/talkrbot_feedback build --build-base /home/vedantso/TalkrBot/build/talkrbot_feedback/build install --record /home/vedantso/TalkrBot/build/talkrbot_feedback/install.log --single-version-externally-managed install_data --force
[1.468s] running egg_info
[1.470s] writing ../build/talkrbot_feedback/talkrbot_feedback.egg-info/PKG-INFO
[1.470s] writing dependency_links to ../build/talkrbot_feedback/talkrbot_feedback.egg-info/dependency_links.txt
[1.470s] writing entry points to ../build/talkrbot_feedback/talkrbot_feedback.egg-info/entry_points.txt
[1.470s] writing requirements to ../build/talkrbot_feedback/talkrbot_feedback.egg-info/requires.txt
[1.470s] writing top-level names to ../build/talkrbot_feedback/talkrbot_feedback.egg-info/top_level.txt
[1.470s] reading manifest file '../build/talkrbot_feedback/talkrbot_feedback.egg-info/SOURCES.txt'
[1.470s] writing manifest file '../build/talkrbot_feedback/talkrbot_feedback.egg-info/SOURCES.txt'
[1.470s] running build
[1.470s] running build_py
[1.471s] creating /home/vedantso/TalkrBot/build/talkrbot_feedback/build
[1.471s] creating /home/vedantso/TalkrBot/build/talkrbot_feedback/build/lib
[1.471s] creating /home/vedantso/TalkrBot/build/talkrbot_feedback/build/lib/talkrbot_feedback
[1.471s] copying talkrbot_feedback/__init__.py -> /home/vedantso/TalkrBot/build/talkrbot_feedback/build/lib/talkrbot_feedback
[1.471s] running install
[1.471s] running install_lib
[1.471s] creating /home/vedantso/TalkrBot/install/talkrbot_feedback/lib/python3.10/site-packages/talkrbot_feedback
[1.471s] copying /home/vedantso/TalkrBot/build/talkrbot_feedback/build/lib/talkrbot_feedback/__init__.py -> /home/vedantso/TalkrBot/install/talkrbot_feedback/lib/python3.10/site-packages/talkrbot_feedback
[1.472s] byte-compiling /home/vedantso/TalkrBot/install/talkrbot_feedback/lib/python3.10/site-packages/talkrbot_feedback/__init__.py to __init__.cpython-310.pyc
[1.472s] running install_data
[1.472s] copying resource/talkrbot_feedback -> /home/vedantso/TalkrBot/install/talkrbot_feedback/share/ament_index/resource_index/packages
[1.472s] copying package.xml -> /home/vedantso/TalkrBot/install/talkrbot_feedback/share/talkrbot_feedback
[1.472s] running install_egg_info
[1.472s] Copying ../build/talkrbot_feedback/talkrbot_feedback.egg-info to /home/vedantso/TalkrBot/install/talkrbot_feedback/lib/python3.10/site-packages/talkrbot_feedback-0.0.0-py3.10.egg-info
[1.472s] running install_scripts
[1.486s] writing list of installed files to '/home/vedantso/TalkrBot/build/talkrbot_feedback/install.log'
[1.505s] Invoked command in '/home/vedantso/TalkrBot/talkrbot_feedback' returned '0': PYTHONPATH=/home/vedantso/TalkrBot/build/talkrbot_feedback/prefix_override:/usr/lib/python3/dist-packages/colcon_core/task/python/colcon_distutils_commands:/home/vedantso/TalkrBot/install/talkrbot_feedback/lib/python3.10/site-packages:${PYTHONPATH} /usr/bin/python3 -W ignore:setup.py install is deprecated -W ignore:easy_install command is deprecated setup.py egg_info --egg-base ../build/talkrbot_feedback build --build-base /home/vedantso/TalkrBot/build/talkrbot_feedback/build install --record /home/vedantso/TalkrBot/build/talkrbot_feedback/install.log --single-version-externally-managed install_data --force
