-- Found ament_cmake: 1.3.11 (/opt/ros/humble/share/ament_cmake/cmake)
-- Override CMake install command with custom implementation using symlinks instead of copying resources
-- Found rosidl_default_generators: 1.2.0 (/opt/ros/humble/share/rosidl_default_generators/cmake)
-- Using all available rosidl_typesupport_c: rosidl_typesupport_fastrtps_c;rosidl_typesupport_introspection_c
-- Found rosidl_adapter: 3.1.6 (/opt/ros/humble/share/rosidl_adapter/cmake)
-- Using all available rosidl_typesupport_cpp: rosidl_typesupport_fastrtps_cpp;rosidl_typesupport_introspection_cpp
-- Found std_msgs: 4.9.0 (/opt/ros/humble/share/std_msgs/cmake)
-- Found geometry_msgs: 4.9.0 (/opt/ros/humble/share/geometry_msgs/cmake)
-- Found sensor_msgs: 4.9.0 (/opt/ros/humble/share/sensor_msgs/cmake)
-- Found ament_cmake_ros: 0.10.0 (/opt/ros/humble/share/ament_cmake_ros/cmake)
-- Using all available rosidl_typesupport_c: rosidl_typesupport_fastrtps_c;rosidl_typesupport_introspection_c
-- Using all available rosidl_typesupport_cpp: rosidl_typesupport_fastrtps_cpp;rosidl_typesupport_introspection_cpp
-- Found python_cmake_module: 0.10.0 (/opt/ros/humble/share/python_cmake_module/cmake)
-- Using PYTHON_EXECUTABLE: /usr/bin/python3
-- Using PYTHON_INCLUDE_DIRS: /usr/include/python3.10
-- Using PYTHON_LIBRARIES: /usr/lib/x86_64-linux-gnu/libpython3.10.so
-- Found ament_lint_auto: 0.12.12 (/opt/ros/humble/share/ament_lint_auto/cmake)
-- Added test 'lint_cmake' to check CMake code style
-- Added test 'xmllint' to check XML markup files
-- Configuring done
-- Generating done
-- Build files have been written to: /home/vedantso/TalkrBot/build/talkrbot_msgs
[35m[1mConsolidate compiler generated dependencies of target talkrbot_msgs__rosidl_generator_c[0m
[  9%] Built target talkrbot_msgs__cpp
[ 12%] Built target talkrbot_msgs__rosidl_generator_c
[35m[1mConsolidate compiler generated dependencies of target talkrbot_msgs__rosidl_typesupport_fastrtps_c[0m
[35m[1mConsolidate compiler generated dependencies of target talkrbot_msgs__rosidl_typesupport_c[0m
[ 12%] Built target ament_cmake_python_symlink_talkrbot_msgs
[35m[1mConsolidate compiler generated dependencies of target talkrbot_msgs__rosidl_typesupport_introspection_c[0m
[35m[1mConsolidate compiler generated dependencies of target talkrbot_msgs__rosidl_typesupport_introspection_cpp[0m
[35m[1mConsolidate compiler generated dependencies of target talkrbot_msgs__rosidl_typesupport_cpp[0m
[35m[1mConsolidate compiler generated dependencies of target talkrbot_msgs__rosidl_typesupport_fastrtps_cpp[0m
[ 32%] Built target talkrbot_msgs__rosidl_typesupport_introspection_c
[ 29%] Built target talkrbot_msgs__rosidl_typesupport_c
[ 41%] Built target talkrbot_msgs__rosidl_typesupport_fastrtps_c
[ 51%] Built target talkrbot_msgs__rosidl_typesupport_cpp
[ 61%] Built target talkrbot_msgs__rosidl_typesupport_fastrtps_cpp
[ 70%] Built target talkrbot_msgs__rosidl_typesupport_introspection_cpp
[ 70%] Built target talkrbot_msgs
[ 74%] Built target talkrbot_msgs__py
[35m[1mConsolidate compiler generated dependencies of target talkrbot_msgs__rosidl_generator_py[0m
[ 80%] Built target talkrbot_msgs__rosidl_generator_py
[35m[1mConsolidate compiler generated dependencies of target talkrbot_msgs__rosidl_typesupport_introspection_c__pyext[0m
[35m[1mConsolidate compiler generated dependencies of target talkrbot_msgs__rosidl_typesupport_c__pyext[0m
[35m[1mConsolidate compiler generated dependencies of target talkrbot_msgs__rosidl_typesupport_fastrtps_c__pyext[0m
[ 87%] Built target talkrbot_msgs__rosidl_typesupport_c__pyext
[ 93%] Built target talkrbot_msgs__rosidl_typesupport_introspection_c__pyext
[100%] Built target talkrbot_msgs__rosidl_typesupport_fastrtps_c__pyext
running egg_info
writing talkrbot_msgs.egg-info/PKG-INFO
writing dependency_links to talkrbot_msgs.egg-info/dependency_links.txt
writing top-level names to talkrbot_msgs.egg-info/top_level.txt
reading manifest file 'talkrbot_msgs.egg-info/SOURCES.txt'
writing manifest file 'talkrbot_msgs.egg-info/SOURCES.txt'
[100%] Built target ament_cmake_python_build_talkrbot_msgs_egg
-- Install configuration: ""
-- Execute custom install script
-- Up-to-date symlink: /home/vedantso/TalkrBot/install/talkrbot_msgs/share/ament_index/resource_index/rosidl_interfaces/talkrbot_msgs
-- Up-to-date symlink: /home/vedantso/TalkrBot/install/talkrbot_msgs/include/talkrbot_msgs/talkrbot_msgs/msg/aac_input.h
-- Up-to-date symlink: /home/vedantso/TalkrBot/install/talkrbot_msgs/include/talkrbot_msgs/talkrbot_msgs/msg/detail/aac_input__functions.h
-- Up-to-date symlink: /home/vedantso/TalkrBot/install/talkrbot_msgs/include/talkrbot_msgs/talkrbot_msgs/msg/detail/aac_input__struct.h
-- Up-to-date symlink: /home/vedantso/TalkrBot/install/talkrbot_msgs/include/talkrbot_msgs/talkrbot_msgs/msg/detail/aac_input__type_support.h
-- Up-to-date symlink: /home/vedantso/TalkrBot/install/talkrbot_msgs/include/talkrbot_msgs/talkrbot_msgs/msg/rosidl_generator_c__visibility_control.h
-- Up-to-date symlink: /home/vedantso/TalkrBot/install/talkrbot_msgs/share/talkrbot_msgs/environment/library_path.sh
-- Up-to-date symlink: /home/vedantso/TalkrBot/install/talkrbot_msgs/share/talkrbot_msgs/environment/library_path.dsv
-- Up-to-date symlink: /home/vedantso/TalkrBot/install/talkrbot_msgs/include/talkrbot_msgs/talkrbot_msgs/msg/detail/aac_input__rosidl_typesupport_fastrtps_c.h
-- Up-to-date symlink: /home/vedantso/TalkrBot/install/talkrbot_msgs/include/talkrbot_msgs/talkrbot_msgs/msg/rosidl_typesupport_fastrtps_c__visibility_control.h
-- Up-to-date symlink: /home/vedantso/TalkrBot/install/talkrbot_msgs/include/talkrbot_msgs/talkrbot_msgs/msg/detail/aac_input__rosidl_typesupport_introspection_c.h
-- Up-to-date symlink: /home/vedantso/TalkrBot/install/talkrbot_msgs/include/talkrbot_msgs/talkrbot_msgs/msg/rosidl_typesupport_introspection_c__visibility_control.h
-- Up-to-date symlink: /home/vedantso/TalkrBot/install/talkrbot_msgs/include/talkrbot_msgs/talkrbot_msgs/msg/aac_input.hpp
-- Up-to-date symlink: /home/vedantso/TalkrBot/install/talkrbot_msgs/include/talkrbot_msgs/talkrbot_msgs/msg/detail/aac_input__builder.hpp
-- Up-to-date symlink: /home/vedantso/TalkrBot/install/talkrbot_msgs/include/talkrbot_msgs/talkrbot_msgs/msg/detail/aac_input__struct.hpp
-- Up-to-date symlink: /home/vedantso/TalkrBot/install/talkrbot_msgs/include/talkrbot_msgs/talkrbot_msgs/msg/detail/aac_input__traits.hpp
-- Up-to-date symlink: /home/vedantso/TalkrBot/install/talkrbot_msgs/include/talkrbot_msgs/talkrbot_msgs/msg/detail/aac_input__type_support.hpp
-- Up-to-date symlink: /home/vedantso/TalkrBot/install/talkrbot_msgs/include/talkrbot_msgs/talkrbot_msgs/msg/rosidl_generator_cpp__visibility_control.hpp
-- Up-to-date symlink: /home/vedantso/TalkrBot/install/talkrbot_msgs/include/talkrbot_msgs/talkrbot_msgs/msg/detail/aac_input__rosidl_typesupport_fastrtps_cpp.hpp
-- Up-to-date symlink: /home/vedantso/TalkrBot/install/talkrbot_msgs/include/talkrbot_msgs/talkrbot_msgs/msg/rosidl_typesupport_fastrtps_cpp__visibility_control.h
-- Up-to-date symlink: /home/vedantso/TalkrBot/install/talkrbot_msgs/include/talkrbot_msgs/talkrbot_msgs/msg/detail/aac_input__rosidl_typesupport_introspection_cpp.hpp
-- Up-to-date symlink: /home/vedantso/TalkrBot/install/talkrbot_msgs/share/talkrbot_msgs/environment/pythonpath.sh
-- Up-to-date symlink: /home/vedantso/TalkrBot/install/talkrbot_msgs/share/talkrbot_msgs/environment/pythonpath.dsv
-- Up-to-date symlink: /home/vedantso/TalkrBot/install/talkrbot_msgs/local/lib/python3.10/dist-packages/talkrbot_msgs-0.0.0-py3.10.egg-info/PKG-INFO
-- Up-to-date symlink: /home/vedantso/TalkrBot/install/talkrbot_msgs/local/lib/python3.10/dist-packages/talkrbot_msgs-0.0.0-py3.10.egg-info/SOURCES.txt
-- Up-to-date symlink: /home/vedantso/TalkrBot/install/talkrbot_msgs/local/lib/python3.10/dist-packages/talkrbot_msgs-0.0.0-py3.10.egg-info/dependency_links.txt
-- Up-to-date symlink: /home/vedantso/TalkrBot/install/talkrbot_msgs/local/lib/python3.10/dist-packages/talkrbot_msgs-0.0.0-py3.10.egg-info/top_level.txt
-- Up-to-date symlink: /home/vedantso/TalkrBot/install/talkrbot_msgs/local/lib/python3.10/dist-packages/talkrbot_msgs/__init__.py
-- Up-to-date symlink: /home/vedantso/TalkrBot/install/talkrbot_msgs/local/lib/python3.10/dist-packages/talkrbot_msgs/_talkrbot_msgs_s.ep.rosidl_typesupport_c.c
-- Up-to-date symlink: /home/vedantso/TalkrBot/install/talkrbot_msgs/local/lib/python3.10/dist-packages/talkrbot_msgs/_talkrbot_msgs_s.ep.rosidl_typesupport_fastrtps_c.c
-- Up-to-date symlink: /home/vedantso/TalkrBot/install/talkrbot_msgs/local/lib/python3.10/dist-packages/talkrbot_msgs/_talkrbot_msgs_s.ep.rosidl_typesupport_introspection_c.c
-- Up-to-date symlink: /home/vedantso/TalkrBot/install/talkrbot_msgs/local/lib/python3.10/dist-packages/talkrbot_msgs/libtalkrbot_msgs__rosidl_generator_py.so
-- Up-to-date symlink: /home/vedantso/TalkrBot/install/talkrbot_msgs/local/lib/python3.10/dist-packages/talkrbot_msgs/msg/__init__.py
-- Up-to-date symlink: /home/vedantso/TalkrBot/install/talkrbot_msgs/local/lib/python3.10/dist-packages/talkrbot_msgs/msg/_aac_input.py
-- Up-to-date symlink: /home/vedantso/TalkrBot/install/talkrbot_msgs/local/lib/python3.10/dist-packages/talkrbot_msgs/msg/_aac_input_s.c
-- Up-to-date symlink: /home/vedantso/TalkrBot/install/talkrbot_msgs/local/lib/python3.10/dist-packages/talkrbot_msgs/talkrbot_msgs_s__rosidl_typesupport_c.cpython-310-x86_64-linux-gnu.so
-- Up-to-date symlink: /home/vedantso/TalkrBot/install/talkrbot_msgs/local/lib/python3.10/dist-packages/talkrbot_msgs/talkrbot_msgs_s__rosidl_typesupport_fastrtps_c.cpython-310-x86_64-linux-gnu.so
-- Up-to-date symlink: /home/vedantso/TalkrBot/install/talkrbot_msgs/local/lib/python3.10/dist-packages/talkrbot_msgs/talkrbot_msgs_s__rosidl_typesupport_introspection_c.cpython-310-x86_64-linux-gnu.so
-- Up-to-date symlink: /home/vedantso/TalkrBot/install/talkrbot_msgs/local/lib/python3.10/dist-packages/talkrbot_msgs/talkrbot_msgs_s__rosidl_typesupport_fastrtps_c.cpython-310-x86_64-linux-gnu.so
-- Up-to-date symlink: /home/vedantso/TalkrBot/install/talkrbot_msgs/local/lib/python3.10/dist-packages/talkrbot_msgs/talkrbot_msgs_s__rosidl_typesupport_introspection_c.cpython-310-x86_64-linux-gnu.so
-- Up-to-date symlink: /home/vedantso/TalkrBot/install/talkrbot_msgs/local/lib/python3.10/dist-packages/talkrbot_msgs/talkrbot_msgs_s__rosidl_typesupport_c.cpython-310-x86_64-linux-gnu.so
-- Up-to-date symlink: /home/vedantso/TalkrBot/install/talkrbot_msgs/share/talkrbot_msgs/msg/AACInput.idl
-- Up-to-date symlink: /home/vedantso/TalkrBot/install/talkrbot_msgs/share/talkrbot_msgs/msg/AACInput.msg
-- Up-to-date symlink: /home/vedantso/TalkrBot/install/talkrbot_msgs/share/ament_index/resource_index/package_run_dependencies/talkrbot_msgs
-- Up-to-date symlink: /home/vedantso/TalkrBot/install/talkrbot_msgs/share/ament_index/resource_index/parent_prefix_path/talkrbot_msgs
-- Up-to-date symlink: /home/vedantso/TalkrBot/install/talkrbot_msgs/share/talkrbot_msgs/environment/ament_prefix_path.sh
-- Up-to-date symlink: /home/vedantso/TalkrBot/install/talkrbot_msgs/share/talkrbot_msgs/environment/ament_prefix_path.dsv
-- Up-to-date symlink: /home/vedantso/TalkrBot/install/talkrbot_msgs/share/talkrbot_msgs/environment/path.sh
-- Up-to-date symlink: /home/vedantso/TalkrBot/install/talkrbot_msgs/share/talkrbot_msgs/environment/path.dsv
-- Up-to-date symlink: /home/vedantso/TalkrBot/install/talkrbot_msgs/share/talkrbot_msgs/local_setup.bash
-- Up-to-date symlink: /home/vedantso/TalkrBot/install/talkrbot_msgs/share/talkrbot_msgs/local_setup.sh
-- Up-to-date symlink: /home/vedantso/TalkrBot/install/talkrbot_msgs/share/talkrbot_msgs/local_setup.zsh
-- Up-to-date symlink: /home/vedantso/TalkrBot/install/talkrbot_msgs/share/talkrbot_msgs/local_setup.dsv
-- Symlinking: /home/vedantso/TalkrBot/install/talkrbot_msgs/share/talkrbot_msgs/package.dsv
-- Up-to-date symlink: /home/vedantso/TalkrBot/install/talkrbot_msgs/share/ament_index/resource_index/packages/talkrbot_msgs
-- Up-to-date symlink: /home/vedantso/TalkrBot/install/talkrbot_msgs/share/talkrbot_msgs/cmake/rosidl_cmake-extras.cmake
-- Up-to-date symlink: /home/vedantso/TalkrBot/install/talkrbot_msgs/share/talkrbot_msgs/cmake/ament_cmake_export_dependencies-extras.cmake
-- Up-to-date symlink: /home/vedantso/TalkrBot/install/talkrbot_msgs/share/talkrbot_msgs/cmake/ament_cmake_export_include_directories-extras.cmake
-- Up-to-date symlink: /home/vedantso/TalkrBot/install/talkrbot_msgs/share/talkrbot_msgs/cmake/ament_cmake_export_libraries-extras.cmake
-- Up-to-date symlink: /home/vedantso/TalkrBot/install/talkrbot_msgs/share/talkrbot_msgs/cmake/ament_cmake_export_targets-extras.cmake
-- Up-to-date symlink: /home/vedantso/TalkrBot/install/talkrbot_msgs/share/talkrbot_msgs/cmake/rosidl_cmake_export_typesupport_targets-extras.cmake
-- Up-to-date symlink: /home/vedantso/TalkrBot/install/talkrbot_msgs/share/talkrbot_msgs/cmake/rosidl_cmake_export_typesupport_libraries-extras.cmake
-- Up-to-date symlink: /home/vedantso/TalkrBot/install/talkrbot_msgs/share/talkrbot_msgs/cmake/talkrbot_msgsConfig.cmake
-- Up-to-date symlink: /home/vedantso/TalkrBot/install/talkrbot_msgs/share/talkrbot_msgs/cmake/talkrbot_msgsConfig-version.cmake
-- Up-to-date symlink: /home/vedantso/TalkrBot/install/talkrbot_msgs/share/talkrbot_msgs/package.xml
-- Up-to-date: /home/vedantso/TalkrBot/install/talkrbot_msgs/lib/libtalkrbot_msgs__rosidl_generator_c.so
-- Up-to-date: /home/vedantso/TalkrBot/install/talkrbot_msgs/lib/libtalkrbot_msgs__rosidl_typesupport_fastrtps_c.so
-- Up-to-date: /home/vedantso/TalkrBot/install/talkrbot_msgs/lib/libtalkrbot_msgs__rosidl_typesupport_introspection_c.so
-- Up-to-date: /home/vedantso/TalkrBot/install/talkrbot_msgs/lib/libtalkrbot_msgs__rosidl_typesupport_c.so
-- Up-to-date: /home/vedantso/TalkrBot/install/talkrbot_msgs/lib/libtalkrbot_msgs__rosidl_typesupport_fastrtps_cpp.so
-- Up-to-date: /home/vedantso/TalkrBot/install/talkrbot_msgs/lib/libtalkrbot_msgs__rosidl_typesupport_introspection_cpp.so
-- Up-to-date: /home/vedantso/TalkrBot/install/talkrbot_msgs/lib/libtalkrbot_msgs__rosidl_typesupport_cpp.so
Listing '/home/vedantso/TalkrBot/install/talkrbot_msgs/local/lib/python3.10/dist-packages/talkrbot_msgs'...
Compiling '/home/vedantso/TalkrBot/install/talkrbot_msgs/local/lib/python3.10/dist-packages/talkrbot_msgs/__init__.py'...
Listing '/home/vedantso/TalkrBot/install/talkrbot_msgs/local/lib/python3.10/dist-packages/talkrbot_msgs/msg'...
-- Up-to-date: /home/vedantso/TalkrBot/install/talkrbot_msgs/lib/libtalkrbot_msgs__rosidl_generator_py.so
-- Up-to-date: /home/vedantso/TalkrBot/install/talkrbot_msgs/share/talkrbot_msgs/cmake/export_talkrbot_msgs__rosidl_generator_cExport.cmake
-- Up-to-date: /home/vedantso/TalkrBot/install/talkrbot_msgs/share/talkrbot_msgs/cmake/export_talkrbot_msgs__rosidl_generator_cExport-noconfig.cmake
-- Up-to-date: /home/vedantso/TalkrBot/install/talkrbot_msgs/share/talkrbot_msgs/cmake/export_talkrbot_msgs__rosidl_typesupport_fastrtps_cExport.cmake
-- Up-to-date: /home/vedantso/TalkrBot/install/talkrbot_msgs/share/talkrbot_msgs/cmake/export_talkrbot_msgs__rosidl_typesupport_fastrtps_cExport-noconfig.cmake
-- Up-to-date: /home/vedantso/TalkrBot/install/talkrbot_msgs/share/talkrbot_msgs/cmake/talkrbot_msgs__rosidl_typesupport_introspection_cExport.cmake
-- Up-to-date: /home/vedantso/TalkrBot/install/talkrbot_msgs/share/talkrbot_msgs/cmake/talkrbot_msgs__rosidl_typesupport_introspection_cExport-noconfig.cmake
-- Up-to-date: /home/vedantso/TalkrBot/install/talkrbot_msgs/share/talkrbot_msgs/cmake/talkrbot_msgs__rosidl_typesupport_cExport.cmake
-- Up-to-date: /home/vedantso/TalkrBot/install/talkrbot_msgs/share/talkrbot_msgs/cmake/talkrbot_msgs__rosidl_typesupport_cExport-noconfig.cmake
-- Up-to-date: /home/vedantso/TalkrBot/install/talkrbot_msgs/share/talkrbot_msgs/cmake/export_talkrbot_msgs__rosidl_generator_cppExport.cmake
-- Up-to-date: /home/vedantso/TalkrBot/install/talkrbot_msgs/share/talkrbot_msgs/cmake/export_talkrbot_msgs__rosidl_typesupport_fastrtps_cppExport.cmake
-- Up-to-date: /home/vedantso/TalkrBot/install/talkrbot_msgs/share/talkrbot_msgs/cmake/export_talkrbot_msgs__rosidl_typesupport_fastrtps_cppExport-noconfig.cmake
-- Up-to-date: /home/vedantso/TalkrBot/install/talkrbot_msgs/share/talkrbot_msgs/cmake/talkrbot_msgs__rosidl_typesupport_introspection_cppExport.cmake
-- Up-to-date: /home/vedantso/TalkrBot/install/talkrbot_msgs/share/talkrbot_msgs/cmake/talkrbot_msgs__rosidl_typesupport_introspection_cppExport-noconfig.cmake
-- Up-to-date: /home/vedantso/TalkrBot/install/talkrbot_msgs/share/talkrbot_msgs/cmake/talkrbot_msgs__rosidl_typesupport_cppExport.cmake
-- Up-to-date: /home/vedantso/TalkrBot/install/talkrbot_msgs/share/talkrbot_msgs/cmake/talkrbot_msgs__rosidl_typesupport_cppExport-noconfig.cmake
-- Up-to-date: /home/vedantso/TalkrBot/install/talkrbot_msgs/share/talkrbot_msgs/cmake/export_talkrbot_msgs__rosidl_generator_pyExport.cmake
-- Up-to-date: /home/vedantso/TalkrBot/install/talkrbot_msgs/share/talkrbot_msgs/cmake/export_talkrbot_msgs__rosidl_generator_pyExport-noconfig.cmake
