[0.470s] Invoking command in '/home/vedantso/TalkrBot/build/talkrbot_msgs': CMAKE_PREFIX_PATH=${CMAKE_PREFIX_PATH}:/home/vedantso/ros2_ws/install/teensy_sensors:/home/vedantso/ros2_ws/install/ros_tcp_endpoint:/home/vedantso/ros2_ws/install/ros2_roboclaw:/home/vedantso/ros2_ws/install/ros2_controller:/home/vedantso/ros2_ws/install/robot_description:/home/vedantso/ros2_ws/install/loca_and_nav:/home/vedantso/ros2_ws/install/image_processing:/home/vedantso/ros2_ws/install/art_lab_launcher:/home/vedantso/ros2_ws/install/Reach_Device:/opt/ros/humble /usr/bin/cmake /home/vedantso/TalkrBot/talkrbot_msgs -DCMAKE_INSTALL_PREFIX=/home/vedantso/TalkrBot/install/talkrbot_msgs
[0.621s] -- Found ament_cmake: 1.3.11 (/opt/ros/humble/share/ament_cmake/cmake)
[0.622s] -- Override CMake install command with custom implementation using symlinks instead of copying resources
[0.622s] -- Found rosidl_default_generators: 1.2.0 (/opt/ros/humble/share/rosidl_default_generators/cmake)
[0.622s] -- Using all available rosidl_typesupport_c: rosidl_typesupport_fastrtps_c;rosidl_typesupport_introspection_c
[0.622s] -- Found rosidl_adapter: 3.1.6 (/opt/ros/humble/share/rosidl_adapter/cmake)
[0.622s] -- Using all available rosidl_typesupport_cpp: rosidl_typesupport_fastrtps_cpp;rosidl_typesupport_introspection_cpp
[0.622s] -- Found std_msgs: 4.9.0 (/opt/ros/humble/share/std_msgs/cmake)
[0.622s] -- Found geometry_msgs: 4.9.0 (/opt/ros/humble/share/geometry_msgs/cmake)
[0.624s] -- Found sensor_msgs: 4.9.0 (/opt/ros/humble/share/sensor_msgs/cmake)
[0.860s] -- Found ament_cmake_ros: 0.10.0 (/opt/ros/humble/share/ament_cmake_ros/cmake)
[1.049s] -- Using all available rosidl_typesupport_c: rosidl_typesupport_fastrtps_c;rosidl_typesupport_introspection_c
[1.348s] -- Using all available rosidl_typesupport_cpp: rosidl_typesupport_fastrtps_cpp;rosidl_typesupport_introspection_cpp
[1.368s] -- Found python_cmake_module: 0.10.0 (/opt/ros/humble/share/python_cmake_module/cmake)
[1.397s] -- Using PYTHON_EXECUTABLE: /usr/bin/python3
[1.397s] -- Using PYTHON_INCLUDE_DIRS: /usr/include/python3.10
[1.397s] -- Using PYTHON_LIBRARIES: /usr/lib/x86_64-linux-gnu/libpython3.10.so
[1.430s] -- Found ament_lint_auto: 0.12.12 (/opt/ros/humble/share/ament_lint_auto/cmake)
[1.435s] -- Added test 'lint_cmake' to check CMake code style
[1.435s] -- Added test 'xmllint' to check XML markup files
[1.436s] -- Configuring done
[1.454s] -- Generating done
[1.460s] -- Build files have been written to: /home/vedantso/TalkrBot/build/talkrbot_msgs
[1.465s] Invoked command in '/home/vedantso/TalkrBot/build/talkrbot_msgs' returned '0': CMAKE_PREFIX_PATH=${CMAKE_PREFIX_PATH}:/home/vedantso/ros2_ws/install/teensy_sensors:/home/vedantso/ros2_ws/install/ros_tcp_endpoint:/home/vedantso/ros2_ws/install/ros2_roboclaw:/home/vedantso/ros2_ws/install/ros2_controller:/home/vedantso/ros2_ws/install/robot_description:/home/vedantso/ros2_ws/install/loca_and_nav:/home/vedantso/ros2_ws/install/image_processing:/home/vedantso/ros2_ws/install/art_lab_launcher:/home/vedantso/ros2_ws/install/Reach_Device:/opt/ros/humble /usr/bin/cmake /home/vedantso/TalkrBot/talkrbot_msgs -DCMAKE_INSTALL_PREFIX=/home/vedantso/TalkrBot/install/talkrbot_msgs
[1.467s] Invoking command in '/home/vedantso/TalkrBot/build/talkrbot_msgs': CMAKE_PREFIX_PATH=${CMAKE_PREFIX_PATH}:/home/vedantso/ros2_ws/install/teensy_sensors:/home/vedantso/ros2_ws/install/ros_tcp_endpoint:/home/vedantso/ros2_ws/install/ros2_roboclaw:/home/vedantso/ros2_ws/install/ros2_controller:/home/vedantso/ros2_ws/install/robot_description:/home/vedantso/ros2_ws/install/loca_and_nav:/home/vedantso/ros2_ws/install/image_processing:/home/vedantso/ros2_ws/install/art_lab_launcher:/home/vedantso/ros2_ws/install/Reach_Device:/opt/ros/humble /usr/bin/cmake --build /home/vedantso/TalkrBot/build/talkrbot_msgs -- -j22 -l22
[1.499s] [35m[1mConsolidate compiler generated dependencies of target talkrbot_msgs__rosidl_generator_c[0m
[1.508s] [  9%] Built target talkrbot_msgs__cpp
[1.508s] [ 12%] Built target talkrbot_msgs__rosidl_generator_c
[1.514s] [35m[1mConsolidate compiler generated dependencies of target talkrbot_msgs__rosidl_typesupport_fastrtps_c[0m
[1.515s] [35m[1mConsolidate compiler generated dependencies of target talkrbot_msgs__rosidl_typesupport_c[0m
[1.515s] [ 12%] Built target ament_cmake_python_symlink_talkrbot_msgs
[1.515s] [35m[1mConsolidate compiler generated dependencies of target talkrbot_msgs__rosidl_typesupport_introspection_c[0m
[1.515s] [35m[1mConsolidate compiler generated dependencies of target talkrbot_msgs__rosidl_typesupport_introspection_cpp[0m
[1.516s] [35m[1mConsolidate compiler generated dependencies of target talkrbot_msgs__rosidl_typesupport_cpp[0m
[1.516s] [35m[1mConsolidate compiler generated dependencies of target talkrbot_msgs__rosidl_typesupport_fastrtps_cpp[0m
[1.521s] [ 32%] Built target talkrbot_msgs__rosidl_typesupport_introspection_c
[1.521s] [ 29%] Built target talkrbot_msgs__rosidl_typesupport_c
[1.522s] [ 41%] Built target talkrbot_msgs__rosidl_typesupport_fastrtps_c
[1.522s] [ 51%] Built target talkrbot_msgs__rosidl_typesupport_cpp
[1.523s] [ 61%] Built target talkrbot_msgs__rosidl_typesupport_fastrtps_cpp
[1.523s] [ 70%] Built target talkrbot_msgs__rosidl_typesupport_introspection_cpp
[1.535s] [ 70%] Built target talkrbot_msgs
[1.548s] [ 74%] Built target talkrbot_msgs__py
[1.555s] [35m[1mConsolidate compiler generated dependencies of target talkrbot_msgs__rosidl_generator_py[0m
[1.563s] [ 80%] Built target talkrbot_msgs__rosidl_generator_py
[1.569s] [35m[1mConsolidate compiler generated dependencies of target talkrbot_msgs__rosidl_typesupport_introspection_c__pyext[0m
[1.569s] [35m[1mConsolidate compiler generated dependencies of target talkrbot_msgs__rosidl_typesupport_c__pyext[0m
[1.570s] [35m[1mConsolidate compiler generated dependencies of target talkrbot_msgs__rosidl_typesupport_fastrtps_c__pyext[0m
[1.577s] [ 87%] Built target talkrbot_msgs__rosidl_typesupport_c__pyext
[1.578s] [ 93%] Built target talkrbot_msgs__rosidl_typesupport_introspection_c__pyext
[1.579s] [100%] Built target talkrbot_msgs__rosidl_typesupport_fastrtps_c__pyext
[1.653s] running egg_info
[1.653s] writing talkrbot_msgs.egg-info/PKG-INFO
[1.653s] writing dependency_links to talkrbot_msgs.egg-info/dependency_links.txt
[1.653s] writing top-level names to talkrbot_msgs.egg-info/top_level.txt
[1.655s] reading manifest file 'talkrbot_msgs.egg-info/SOURCES.txt'
[1.655s] writing manifest file 'talkrbot_msgs.egg-info/SOURCES.txt'
[1.674s] [100%] Built target ament_cmake_python_build_talkrbot_msgs_egg
[1.683s] Invoked command in '/home/vedantso/TalkrBot/build/talkrbot_msgs' returned '0': CMAKE_PREFIX_PATH=${CMAKE_PREFIX_PATH}:/home/vedantso/ros2_ws/install/teensy_sensors:/home/vedantso/ros2_ws/install/ros_tcp_endpoint:/home/vedantso/ros2_ws/install/ros2_roboclaw:/home/vedantso/ros2_ws/install/ros2_controller:/home/vedantso/ros2_ws/install/robot_description:/home/vedantso/ros2_ws/install/loca_and_nav:/home/vedantso/ros2_ws/install/image_processing:/home/vedantso/ros2_ws/install/art_lab_launcher:/home/vedantso/ros2_ws/install/Reach_Device:/opt/ros/humble /usr/bin/cmake --build /home/vedantso/TalkrBot/build/talkrbot_msgs -- -j22 -l22
[1.693s] Invoking command in '/home/vedantso/TalkrBot/build/talkrbot_msgs': CMAKE_PREFIX_PATH=${CMAKE_PREFIX_PATH}:/home/vedantso/ros2_ws/install/teensy_sensors:/home/vedantso/ros2_ws/install/ros_tcp_endpoint:/home/vedantso/ros2_ws/install/ros2_roboclaw:/home/vedantso/ros2_ws/install/ros2_controller:/home/vedantso/ros2_ws/install/robot_description:/home/vedantso/ros2_ws/install/loca_and_nav:/home/vedantso/ros2_ws/install/image_processing:/home/vedantso/ros2_ws/install/art_lab_launcher:/home/vedantso/ros2_ws/install/Reach_Device:/opt/ros/humble /usr/bin/cmake --install /home/vedantso/TalkrBot/build/talkrbot_msgs
[1.697s] -- Install configuration: ""
[1.697s] -- Execute custom install script
[1.697s] -- Up-to-date symlink: /home/vedantso/TalkrBot/install/talkrbot_msgs/share/ament_index/resource_index/rosidl_interfaces/talkrbot_msgs
[1.697s] -- Up-to-date symlink: /home/vedantso/TalkrBot/install/talkrbot_msgs/include/talkrbot_msgs/talkrbot_msgs/msg/aac_input.h
[1.697s] -- Up-to-date symlink: /home/vedantso/TalkrBot/install/talkrbot_msgs/include/talkrbot_msgs/talkrbot_msgs/msg/detail/aac_input__functions.h
[1.697s] -- Up-to-date symlink: /home/vedantso/TalkrBot/install/talkrbot_msgs/include/talkrbot_msgs/talkrbot_msgs/msg/detail/aac_input__struct.h
[1.698s] -- Up-to-date symlink: /home/vedantso/TalkrBot/install/talkrbot_msgs/include/talkrbot_msgs/talkrbot_msgs/msg/detail/aac_input__type_support.h
[1.698s] -- Up-to-date symlink: /home/vedantso/TalkrBot/install/talkrbot_msgs/include/talkrbot_msgs/talkrbot_msgs/msg/rosidl_generator_c__visibility_control.h
[1.698s] -- Up-to-date symlink: /home/vedantso/TalkrBot/install/talkrbot_msgs/share/talkrbot_msgs/environment/library_path.sh
[1.698s] -- Up-to-date symlink: /home/vedantso/TalkrBot/install/talkrbot_msgs/share/talkrbot_msgs/environment/library_path.dsv
[1.698s] -- Up-to-date symlink: /home/vedantso/TalkrBot/install/talkrbot_msgs/include/talkrbot_msgs/talkrbot_msgs/msg/detail/aac_input__rosidl_typesupport_fastrtps_c.h
[1.698s] -- Up-to-date symlink: /home/vedantso/TalkrBot/install/talkrbot_msgs/include/talkrbot_msgs/talkrbot_msgs/msg/rosidl_typesupport_fastrtps_c__visibility_control.h
[1.698s] -- Up-to-date symlink: /home/vedantso/TalkrBot/install/talkrbot_msgs/include/talkrbot_msgs/talkrbot_msgs/msg/detail/aac_input__rosidl_typesupport_introspection_c.h
[1.698s] -- Up-to-date symlink: /home/vedantso/TalkrBot/install/talkrbot_msgs/include/talkrbot_msgs/talkrbot_msgs/msg/rosidl_typesupport_introspection_c__visibility_control.h
[1.698s] -- Up-to-date symlink: /home/vedantso/TalkrBot/install/talkrbot_msgs/include/talkrbot_msgs/talkrbot_msgs/msg/aac_input.hpp
[1.698s] -- Up-to-date symlink: /home/vedantso/TalkrBot/install/talkrbot_msgs/include/talkrbot_msgs/talkrbot_msgs/msg/detail/aac_input__builder.hpp
[1.698s] -- Up-to-date symlink: /home/vedantso/TalkrBot/install/talkrbot_msgs/include/talkrbot_msgs/talkrbot_msgs/msg/detail/aac_input__struct.hpp
[1.698s] -- Up-to-date symlink: /home/vedantso/TalkrBot/install/talkrbot_msgs/include/talkrbot_msgs/talkrbot_msgs/msg/detail/aac_input__traits.hpp
[1.698s] -- Up-to-date symlink: /home/vedantso/TalkrBot/install/talkrbot_msgs/include/talkrbot_msgs/talkrbot_msgs/msg/detail/aac_input__type_support.hpp
[1.698s] -- Up-to-date symlink: /home/vedantso/TalkrBot/install/talkrbot_msgs/include/talkrbot_msgs/talkrbot_msgs/msg/rosidl_generator_cpp__visibility_control.hpp
[1.699s] -- Up-to-date symlink: /home/vedantso/TalkrBot/install/talkrbot_msgs/include/talkrbot_msgs/talkrbot_msgs/msg/detail/aac_input__rosidl_typesupport_fastrtps_cpp.hpp
[1.699s] -- Up-to-date symlink: /home/vedantso/TalkrBot/install/talkrbot_msgs/include/talkrbot_msgs/talkrbot_msgs/msg/rosidl_typesupport_fastrtps_cpp__visibility_control.h
[1.699s] -- Up-to-date symlink: /home/vedantso/TalkrBot/install/talkrbot_msgs/include/talkrbot_msgs/talkrbot_msgs/msg/detail/aac_input__rosidl_typesupport_introspection_cpp.hpp
[1.699s] -- Up-to-date symlink: /home/vedantso/TalkrBot/install/talkrbot_msgs/share/talkrbot_msgs/environment/pythonpath.sh
[1.699s] -- Up-to-date symlink: /home/vedantso/TalkrBot/install/talkrbot_msgs/share/talkrbot_msgs/environment/pythonpath.dsv
[1.699s] -- Up-to-date symlink: /home/vedantso/TalkrBot/install/talkrbot_msgs/local/lib/python3.10/dist-packages/talkrbot_msgs-0.0.0-py3.10.egg-info/PKG-INFO
[1.699s] -- Up-to-date symlink: /home/vedantso/TalkrBot/install/talkrbot_msgs/local/lib/python3.10/dist-packages/talkrbot_msgs-0.0.0-py3.10.egg-info/SOURCES.txt
[1.699s] -- Up-to-date symlink: /home/vedantso/TalkrBot/install/talkrbot_msgs/local/lib/python3.10/dist-packages/talkrbot_msgs-0.0.0-py3.10.egg-info/dependency_links.txt
[1.699s] -- Up-to-date symlink: /home/vedantso/TalkrBot/install/talkrbot_msgs/local/lib/python3.10/dist-packages/talkrbot_msgs-0.0.0-py3.10.egg-info/top_level.txt
[1.699s] -- Up-to-date symlink: /home/vedantso/TalkrBot/install/talkrbot_msgs/local/lib/python3.10/dist-packages/talkrbot_msgs/__init__.py
[1.700s] -- Up-to-date symlink: /home/vedantso/TalkrBot/install/talkrbot_msgs/local/lib/python3.10/dist-packages/talkrbot_msgs/_talkrbot_msgs_s.ep.rosidl_typesupport_c.c
[1.700s] -- Up-to-date symlink: /home/vedantso/TalkrBot/install/talkrbot_msgs/local/lib/python3.10/dist-packages/talkrbot_msgs/_talkrbot_msgs_s.ep.rosidl_typesupport_fastrtps_c.c
[1.700s] -- Up-to-date symlink: /home/vedantso/TalkrBot/install/talkrbot_msgs/local/lib/python3.10/dist-packages/talkrbot_msgs/_talkrbot_msgs_s.ep.rosidl_typesupport_introspection_c.c
[1.700s] -- Up-to-date symlink: /home/vedantso/TalkrBot/install/talkrbot_msgs/local/lib/python3.10/dist-packages/talkrbot_msgs/libtalkrbot_msgs__rosidl_generator_py.so
[1.700s] -- Up-to-date symlink: /home/vedantso/TalkrBot/install/talkrbot_msgs/local/lib/python3.10/dist-packages/talkrbot_msgs/msg/__init__.py
[1.700s] -- Up-to-date symlink: /home/vedantso/TalkrBot/install/talkrbot_msgs/local/lib/python3.10/dist-packages/talkrbot_msgs/msg/_aac_input.py
[1.700s] -- Up-to-date symlink: /home/vedantso/TalkrBot/install/talkrbot_msgs/local/lib/python3.10/dist-packages/talkrbot_msgs/msg/_aac_input_s.c
[1.700s] -- Up-to-date symlink: /home/vedantso/TalkrBot/install/talkrbot_msgs/local/lib/python3.10/dist-packages/talkrbot_msgs/talkrbot_msgs_s__rosidl_typesupport_c.cpython-310-x86_64-linux-gnu.so
[1.700s] -- Up-to-date symlink: /home/vedantso/TalkrBot/install/talkrbot_msgs/local/lib/python3.10/dist-packages/talkrbot_msgs/talkrbot_msgs_s__rosidl_typesupport_fastrtps_c.cpython-310-x86_64-linux-gnu.so
[1.700s] -- Up-to-date symlink: /home/vedantso/TalkrBot/install/talkrbot_msgs/local/lib/python3.10/dist-packages/talkrbot_msgs/talkrbot_msgs_s__rosidl_typesupport_introspection_c.cpython-310-x86_64-linux-gnu.so
[1.700s] -- Up-to-date symlink: /home/vedantso/TalkrBot/install/talkrbot_msgs/local/lib/python3.10/dist-packages/talkrbot_msgs/talkrbot_msgs_s__rosidl_typesupport_fastrtps_c.cpython-310-x86_64-linux-gnu.so
[1.700s] -- Up-to-date symlink: /home/vedantso/TalkrBot/install/talkrbot_msgs/local/lib/python3.10/dist-packages/talkrbot_msgs/talkrbot_msgs_s__rosidl_typesupport_introspection_c.cpython-310-x86_64-linux-gnu.so
[1.701s] -- Up-to-date symlink: /home/vedantso/TalkrBot/install/talkrbot_msgs/local/lib/python3.10/dist-packages/talkrbot_msgs/talkrbot_msgs_s__rosidl_typesupport_c.cpython-310-x86_64-linux-gnu.so
[1.701s] -- Up-to-date symlink: /home/vedantso/TalkrBot/install/talkrbot_msgs/share/talkrbot_msgs/msg/AACInput.idl
[1.701s] -- Up-to-date symlink: /home/vedantso/TalkrBot/install/talkrbot_msgs/share/talkrbot_msgs/msg/AACInput.msg
[1.701s] -- Up-to-date symlink: /home/vedantso/TalkrBot/install/talkrbot_msgs/share/ament_index/resource_index/package_run_dependencies/talkrbot_msgs
[1.701s] -- Up-to-date symlink: /home/vedantso/TalkrBot/install/talkrbot_msgs/share/ament_index/resource_index/parent_prefix_path/talkrbot_msgs
[1.701s] -- Up-to-date symlink: /home/vedantso/TalkrBot/install/talkrbot_msgs/share/talkrbot_msgs/environment/ament_prefix_path.sh
[1.701s] -- Up-to-date symlink: /home/vedantso/TalkrBot/install/talkrbot_msgs/share/talkrbot_msgs/environment/ament_prefix_path.dsv
[1.701s] -- Up-to-date symlink: /home/vedantso/TalkrBot/install/talkrbot_msgs/share/talkrbot_msgs/environment/path.sh
[1.701s] -- Up-to-date symlink: /home/vedantso/TalkrBot/install/talkrbot_msgs/share/talkrbot_msgs/environment/path.dsv
[1.701s] -- Up-to-date symlink: /home/vedantso/TalkrBot/install/talkrbot_msgs/share/talkrbot_msgs/local_setup.bash
[1.701s] -- Up-to-date symlink: /home/vedantso/TalkrBot/install/talkrbot_msgs/share/talkrbot_msgs/local_setup.sh
[1.701s] -- Up-to-date symlink: /home/vedantso/TalkrBot/install/talkrbot_msgs/share/talkrbot_msgs/local_setup.zsh
[1.701s] -- Up-to-date symlink: /home/vedantso/TalkrBot/install/talkrbot_msgs/share/talkrbot_msgs/local_setup.dsv
[1.701s] -- Symlinking: /home/vedantso/TalkrBot/install/talkrbot_msgs/share/talkrbot_msgs/package.dsv
[1.706s] -- Up-to-date symlink: /home/vedantso/TalkrBot/install/talkrbot_msgs/share/ament_index/resource_index/packages/talkrbot_msgs
[1.706s] -- Up-to-date symlink: /home/vedantso/TalkrBot/install/talkrbot_msgs/share/talkrbot_msgs/cmake/rosidl_cmake-extras.cmake
[1.706s] -- Up-to-date symlink: /home/vedantso/TalkrBot/install/talkrbot_msgs/share/talkrbot_msgs/cmake/ament_cmake_export_dependencies-extras.cmake
[1.706s] -- Up-to-date symlink: /home/vedantso/TalkrBot/install/talkrbot_msgs/share/talkrbot_msgs/cmake/ament_cmake_export_include_directories-extras.cmake
[1.706s] -- Up-to-date symlink: /home/vedantso/TalkrBot/install/talkrbot_msgs/share/talkrbot_msgs/cmake/ament_cmake_export_libraries-extras.cmake
[1.706s] -- Up-to-date symlink: /home/vedantso/TalkrBot/install/talkrbot_msgs/share/talkrbot_msgs/cmake/ament_cmake_export_targets-extras.cmake
[1.706s] -- Up-to-date symlink: /home/vedantso/TalkrBot/install/talkrbot_msgs/share/talkrbot_msgs/cmake/rosidl_cmake_export_typesupport_targets-extras.cmake
[1.706s] -- Up-to-date symlink: /home/vedantso/TalkrBot/install/talkrbot_msgs/share/talkrbot_msgs/cmake/rosidl_cmake_export_typesupport_libraries-extras.cmake
[1.706s] -- Up-to-date symlink: /home/vedantso/TalkrBot/install/talkrbot_msgs/share/talkrbot_msgs/cmake/talkrbot_msgsConfig.cmake
[1.706s] -- Up-to-date symlink: /home/vedantso/TalkrBot/install/talkrbot_msgs/share/talkrbot_msgs/cmake/talkrbot_msgsConfig-version.cmake
[1.706s] -- Up-to-date symlink: /home/vedantso/TalkrBot/install/talkrbot_msgs/share/talkrbot_msgs/package.xml
[1.706s] -- Up-to-date: /home/vedantso/TalkrBot/install/talkrbot_msgs/lib/libtalkrbot_msgs__rosidl_generator_c.so
[1.706s] -- Up-to-date: /home/vedantso/TalkrBot/install/talkrbot_msgs/lib/libtalkrbot_msgs__rosidl_typesupport_fastrtps_c.so
[1.706s] -- Up-to-date: /home/vedantso/TalkrBot/install/talkrbot_msgs/lib/libtalkrbot_msgs__rosidl_typesupport_introspection_c.so
[1.706s] -- Up-to-date: /home/vedantso/TalkrBot/install/talkrbot_msgs/lib/libtalkrbot_msgs__rosidl_typesupport_c.so
[1.707s] -- Up-to-date: /home/vedantso/TalkrBot/install/talkrbot_msgs/lib/libtalkrbot_msgs__rosidl_typesupport_fastrtps_cpp.so
[1.707s] -- Up-to-date: /home/vedantso/TalkrBot/install/talkrbot_msgs/lib/libtalkrbot_msgs__rosidl_typesupport_introspection_cpp.so
[1.707s] -- Up-to-date: /home/vedantso/TalkrBot/install/talkrbot_msgs/lib/libtalkrbot_msgs__rosidl_typesupport_cpp.so
[1.730s] Listing '/home/vedantso/TalkrBot/install/talkrbot_msgs/local/lib/python3.10/dist-packages/talkrbot_msgs'...
[1.730s] Compiling '/home/vedantso/TalkrBot/install/talkrbot_msgs/local/lib/python3.10/dist-packages/talkrbot_msgs/__init__.py'...
[1.730s] Listing '/home/vedantso/TalkrBot/install/talkrbot_msgs/local/lib/python3.10/dist-packages/talkrbot_msgs/msg'...
[1.732s] -- Up-to-date: /home/vedantso/TalkrBot/install/talkrbot_msgs/lib/libtalkrbot_msgs__rosidl_generator_py.so
[1.733s] -- Up-to-date: /home/vedantso/TalkrBot/install/talkrbot_msgs/share/talkrbot_msgs/cmake/export_talkrbot_msgs__rosidl_generator_cExport.cmake
[1.733s] -- Up-to-date: /home/vedantso/TalkrBot/install/talkrbot_msgs/share/talkrbot_msgs/cmake/export_talkrbot_msgs__rosidl_generator_cExport-noconfig.cmake
[1.733s] -- Up-to-date: /home/vedantso/TalkrBot/install/talkrbot_msgs/share/talkrbot_msgs/cmake/export_talkrbot_msgs__rosidl_typesupport_fastrtps_cExport.cmake
[1.733s] -- Up-to-date: /home/vedantso/TalkrBot/install/talkrbot_msgs/share/talkrbot_msgs/cmake/export_talkrbot_msgs__rosidl_typesupport_fastrtps_cExport-noconfig.cmake
[1.733s] -- Up-to-date: /home/vedantso/TalkrBot/install/talkrbot_msgs/share/talkrbot_msgs/cmake/talkrbot_msgs__rosidl_typesupport_introspection_cExport.cmake
[1.733s] -- Up-to-date: /home/vedantso/TalkrBot/install/talkrbot_msgs/share/talkrbot_msgs/cmake/talkrbot_msgs__rosidl_typesupport_introspection_cExport-noconfig.cmake
[1.733s] -- Up-to-date: /home/vedantso/TalkrBot/install/talkrbot_msgs/share/talkrbot_msgs/cmake/talkrbot_msgs__rosidl_typesupport_cExport.cmake
[1.733s] -- Up-to-date: /home/vedantso/TalkrBot/install/talkrbot_msgs/share/talkrbot_msgs/cmake/talkrbot_msgs__rosidl_typesupport_cExport-noconfig.cmake
[1.733s] -- Up-to-date: /home/vedantso/TalkrBot/install/talkrbot_msgs/share/talkrbot_msgs/cmake/export_talkrbot_msgs__rosidl_generator_cppExport.cmake
[1.733s] -- Up-to-date: /home/vedantso/TalkrBot/install/talkrbot_msgs/share/talkrbot_msgs/cmake/export_talkrbot_msgs__rosidl_typesupport_fastrtps_cppExport.cmake
[1.733s] -- Up-to-date: /home/vedantso/TalkrBot/install/talkrbot_msgs/share/talkrbot_msgs/cmake/export_talkrbot_msgs__rosidl_typesupport_fastrtps_cppExport-noconfig.cmake
[1.734s] -- Up-to-date: /home/vedantso/TalkrBot/install/talkrbot_msgs/share/talkrbot_msgs/cmake/talkrbot_msgs__rosidl_typesupport_introspection_cppExport.cmake
[1.734s] -- Up-to-date: /home/vedantso/TalkrBot/install/talkrbot_msgs/share/talkrbot_msgs/cmake/talkrbot_msgs__rosidl_typesupport_introspection_cppExport-noconfig.cmake
[1.734s] -- Up-to-date: /home/vedantso/TalkrBot/install/talkrbot_msgs/share/talkrbot_msgs/cmake/talkrbot_msgs__rosidl_typesupport_cppExport.cmake
[1.734s] -- Up-to-date: /home/vedantso/TalkrBot/install/talkrbot_msgs/share/talkrbot_msgs/cmake/talkrbot_msgs__rosidl_typesupport_cppExport-noconfig.cmake
[1.734s] -- Up-to-date: /home/vedantso/TalkrBot/install/talkrbot_msgs/share/talkrbot_msgs/cmake/export_talkrbot_msgs__rosidl_generator_pyExport.cmake
[1.734s] -- Up-to-date: /home/vedantso/TalkrBot/install/talkrbot_msgs/share/talkrbot_msgs/cmake/export_talkrbot_msgs__rosidl_generator_pyExport-noconfig.cmake
[1.735s] Invoked command in '/home/vedantso/TalkrBot/build/talkrbot_msgs' returned '0': CMAKE_PREFIX_PATH=${CMAKE_PREFIX_PATH}:/home/vedantso/ros2_ws/install/teensy_sensors:/home/vedantso/ros2_ws/install/ros_tcp_endpoint:/home/vedantso/ros2_ws/install/ros2_roboclaw:/home/vedantso/ros2_ws/install/ros2_controller:/home/vedantso/ros2_ws/install/robot_description:/home/vedantso/ros2_ws/install/loca_and_nav:/home/vedantso/ros2_ws/install/image_processing:/home/vedantso/ros2_ws/install/art_lab_launcher:/home/vedantso/ros2_ws/install/Reach_Device:/opt/ros/humble /usr/bin/cmake --install /home/vedantso/TalkrBot/build/talkrbot_msgs
