[0.998s] Invoking command in '/home/vedantso/TalkrBot/build/talkrbot_feedback': PYTHONPATH=/home/vedantso/TalkrBot/build/talkrbot_feedback/prefix_override:/usr/lib/python3/dist-packages/colcon_core/task/python/colcon_distutils_commands:/home/vedantso/TalkrBot/install/talkrbot_feedback/lib/python3.10/site-packages:${PYTHONPATH} /usr/bin/python3 -W ignore:setup.py install is deprecated -W ignore:easy_install command is deprecated setup.py develop --editable --build-directory /home/vedantso/TalkrBot/build/talkrbot_feedback/build --no-deps symlink_data
[1.151s] running develop
[1.236s] running egg_info
[1.236s] creating talkrbot_feedback.egg-info
[1.236s] writing talkrbot_feedback.egg-info/PKG-INFO
[1.236s] writing dependency_links to talkrbot_feedback.egg-info/dependency_links.txt
[1.236s] writing entry points to talkrbot_feedback.egg-info/entry_points.txt
[1.236s] writing requirements to talkrbot_feedback.egg-info/requires.txt
[1.236s] writing top-level names to talkrbot_feedback.egg-info/top_level.txt
[1.237s] writing manifest file 'talkrbot_feedback.egg-info/SOURCES.txt'
[1.237s] reading manifest file 'talkrbot_feedback.egg-info/SOURCES.txt'
[1.237s] writing manifest file 'talkrbot_feedback.egg-info/SOURCES.txt'
[1.238s] running build_ext
[1.239s] Creating /home/vedantso/TalkrBot/install/talkrbot_feedback/lib/python3.10/site-packages/talkrbot-feedback.egg-link (link to .)
[1.239s] 
[1.239s] Installed /home/vedantso/TalkrBot/build/talkrbot_feedback
[1.239s] running symlink_data
[1.239s] creating /home/vedantso/TalkrBot/install/talkrbot_feedback/share/ament_index
[1.239s] creating /home/vedantso/TalkrBot/install/talkrbot_feedback/share/ament_index/resource_index
[1.239s] creating /home/vedantso/TalkrBot/install/talkrbot_feedback/share/ament_index/resource_index/packages
[1.239s] symbolically linking /home/vedantso/TalkrBot/build/talkrbot_feedback/resource/talkrbot_feedback -> /home/vedantso/TalkrBot/install/talkrbot_feedback/share/ament_index/resource_index/packages
[1.239s] symbolically linking /home/vedantso/TalkrBot/build/talkrbot_feedback/package.xml -> /home/vedantso/TalkrBot/install/talkrbot_feedback/share/talkrbot_feedback
[1.257s] Invoked command in '/home/vedantso/TalkrBot/build/talkrbot_feedback' returned '0': PYTHONPATH=/home/vedantso/TalkrBot/build/talkrbot_feedback/prefix_override:/usr/lib/python3/dist-packages/colcon_core/task/python/colcon_distutils_commands:/home/vedantso/TalkrBot/install/talkrbot_feedback/lib/python3.10/site-packages:${PYTHONPATH} /usr/bin/python3 -W ignore:setup.py install is deprecated -W ignore:easy_install command is deprecated setup.py develop --editable --build-directory /home/vedantso/TalkrBot/build/talkrbot_feedback/build --no-deps symlink_data
