[0.961s] Invoking command in '/home/vedantso/TalkrBot/talkrbot_nav': PYTHONPATH=/home/vedantso/TalkrBot/build/talkrbot_nav/prefix_override:/usr/lib/python3/dist-packages/colcon_core/task/python/colcon_distutils_commands:/home/vedantso/TalkrBot/install/talkrbot_nav/lib/python3.10/site-packages:${PYTHONPATH} /usr/bin/python3 -W ignore:setup.py install is deprecated -W ignore:easy_install command is deprecated setup.py egg_info --egg-base ../build/talkrbot_nav build --build-base /home/vedantso/TalkrBot/build/talkrbot_nav/build install --record /home/vedantso/TalkrBot/build/talkrbot_nav/install.log --single-version-externally-managed install_data
[1.103s] running egg_info
[1.103s] writing ../build/talkrbot_nav/talkrbot_nav.egg-info/PKG-INFO
[1.104s] writing dependency_links to ../build/talkrbot_nav/talkrbot_nav.egg-info/dependency_links.txt
[1.104s] writing entry points to ../build/talkrbot_nav/talkrbot_nav.egg-info/entry_points.txt
[1.104s] writing requirements to ../build/talkrbot_nav/talkrbot_nav.egg-info/requires.txt
[1.104s] writing top-level names to ../build/talkrbot_nav/talkrbot_nav.egg-info/top_level.txt
[1.105s] reading manifest file '../build/talkrbot_nav/talkrbot_nav.egg-info/SOURCES.txt'
[1.105s] writing manifest file '../build/talkrbot_nav/talkrbot_nav.egg-info/SOURCES.txt'
[1.105s] running build
[1.105s] running build_py
[1.105s] running install
[1.105s] running install_lib
[1.106s] running install_data
[1.106s] running install_egg_info
[1.107s] removing '/home/vedantso/TalkrBot/install/talkrbot_nav/lib/python3.10/site-packages/talkrbot_nav-0.0.0-py3.10.egg-info' (and everything under it)
[1.107s] Copying ../build/talkrbot_nav/talkrbot_nav.egg-info to /home/vedantso/TalkrBot/install/talkrbot_nav/lib/python3.10/site-packages/talkrbot_nav-0.0.0-py3.10.egg-info
[1.107s] running install_scripts
[1.120s] writing list of installed files to '/home/vedantso/TalkrBot/build/talkrbot_nav/install.log'
[1.141s] Invoked command in '/home/vedantso/TalkrBot/talkrbot_nav' returned '0': PYTHONPATH=/home/vedantso/TalkrBot/build/talkrbot_nav/prefix_override:/usr/lib/python3/dist-packages/colcon_core/task/python/colcon_distutils_commands:/home/vedantso/TalkrBot/install/talkrbot_nav/lib/python3.10/site-packages:${PYTHONPATH} /usr/bin/python3 -W ignore:setup.py install is deprecated -W ignore:easy_install command is deprecated setup.py egg_info --egg-base ../build/talkrbot_nav build --build-base /home/vedantso/TalkrBot/build/talkrbot_nav/build install --record /home/vedantso/TalkrBot/build/talkrbot_nav/install.log --single-version-externally-managed install_data
