-- Found ament_cmake: 1.3.11 (/opt/ros/humble/share/ament_cmake/cmake)
-- Override CMake install command with custom implementation using symlinks instead of copying resources
-- Found std_msgs: 4.9.0 (/opt/ros/humble/share/std_msgs/cmake)
-- Found rosidl_generator_c: 3.1.6 (/opt/ros/humble/share/rosidl_generator_c/cmake)
-- Found rosidl_adapter: 3.1.6 (/opt/ros/humble/share/rosidl_adapter/cmake)
-- Found rosidl_generator_cpp: 3.1.6 (/opt/ros/humble/share/rosidl_generator_cpp/cmake)
-- Using all available rosidl_typesupport_c: rosidl_typesupport_fastrtps_c;rosidl_typesupport_introspection_c
-- Using all available rosidl_typesupport_cpp: rosidl_typesupport_fastrtps_cpp;rosidl_typesupport_introspection_cpp
-- Found geometry_msgs: 4.9.0 (/opt/ros/humble/share/geometry_msgs/cmake)
-- Found sensor_msgs: 4.9.0 (/opt/ros/humble/share/sensor_msgs/cmake)
-- Found ament_lint_auto: 0.12.12 (/opt/ros/humble/share/ament_lint_auto/cmake)
-- Added test 'lint_cmake' to check CMake code style
-- Added test 'xmllint' to check XML markup files
-- Configuring done
-- Generating done
-- Build files have been written to: /home/vedantso/TalkrBot/build/talkrbot_msgs
-- Install configuration: ""
-- Execute custom install script
-- Up-to-date symlink: /home/vedantso/TalkrBot/install/talkrbot_msgs/share/ament_index/resource_index/package_run_dependencies/talkrbot_msgs
-- Up-to-date symlink: /home/vedantso/TalkrBot/install/talkrbot_msgs/share/ament_index/resource_index/parent_prefix_path/talkrbot_msgs
-- Up-to-date symlink: /home/vedantso/TalkrBot/install/talkrbot_msgs/share/talkrbot_msgs/environment/ament_prefix_path.sh
-- Up-to-date symlink: /home/vedantso/TalkrBot/install/talkrbot_msgs/share/talkrbot_msgs/environment/ament_prefix_path.dsv
-- Up-to-date symlink: /home/vedantso/TalkrBot/install/talkrbot_msgs/share/talkrbot_msgs/environment/path.sh
-- Up-to-date symlink: /home/vedantso/TalkrBot/install/talkrbot_msgs/share/talkrbot_msgs/environment/path.dsv
-- Up-to-date symlink: /home/vedantso/TalkrBot/install/talkrbot_msgs/share/talkrbot_msgs/local_setup.bash
-- Up-to-date symlink: /home/vedantso/TalkrBot/install/talkrbot_msgs/share/talkrbot_msgs/local_setup.sh
-- Up-to-date symlink: /home/vedantso/TalkrBot/install/talkrbot_msgs/share/talkrbot_msgs/local_setup.zsh
-- Up-to-date symlink: /home/vedantso/TalkrBot/install/talkrbot_msgs/share/talkrbot_msgs/local_setup.dsv
-- Symlinking: /home/vedantso/TalkrBot/install/talkrbot_msgs/share/talkrbot_msgs/package.dsv
-- Up-to-date symlink: /home/vedantso/TalkrBot/install/talkrbot_msgs/share/ament_index/resource_index/packages/talkrbot_msgs
-- Up-to-date symlink: /home/vedantso/TalkrBot/install/talkrbot_msgs/share/talkrbot_msgs/cmake/talkrbot_msgsConfig.cmake
-- Up-to-date symlink: /home/vedantso/TalkrBot/install/talkrbot_msgs/share/talkrbot_msgs/cmake/talkrbot_msgsConfig-version.cmake
-- Up-to-date symlink: /home/vedantso/TalkrBot/install/talkrbot_msgs/share/talkrbot_msgs/package.xml
