[0.465s] Invoking command in '/home/vedantso/TalkrBot/build/talkrbot_msgs': CMAKE_PREFIX_PATH=${CMAKE_PREFIX_PATH}:/home/vedantso/ros2_ws/install/teensy_sensors:/home/vedantso/ros2_ws/install/ros_tcp_endpoint:/home/vedantso/ros2_ws/install/ros2_roboclaw:/home/vedantso/ros2_ws/install/ros2_controller:/home/vedantso/ros2_ws/install/robot_description:/home/vedantso/ros2_ws/install/loca_and_nav:/home/vedantso/ros2_ws/install/image_processing:/home/vedantso/ros2_ws/install/art_lab_launcher:/home/vedantso/ros2_ws/install/Reach_Device:/opt/ros/humble /usr/bin/cmake /home/vedantso/TalkrBot/talkrbot_msgs -DAMENT_CMAKE_SYMLINK_INSTALL=1 -DCMAKE_INSTALL_PREFIX=/home/vedantso/TalkrBot/install/talkrbot_msgs
[0.769s] -- Found ament_cmake: 1.3.11 (/opt/ros/humble/share/ament_cmake/cmake)
[0.770s] -- Override CMake install command with custom implementation using symlinks instead of copying resources
[0.771s] -- Found std_msgs: 4.9.0 (/opt/ros/humble/share/std_msgs/cmake)
[0.771s] -- Found rosidl_generator_c: 3.1.6 (/opt/ros/humble/share/rosidl_generator_c/cmake)
[0.771s] -- Found rosidl_adapter: 3.1.6 (/opt/ros/humble/share/rosidl_adapter/cmake)
[0.771s] -- Found rosidl_generator_cpp: 3.1.6 (/opt/ros/humble/share/rosidl_generator_cpp/cmake)
[0.771s] -- Using all available rosidl_typesupport_c: rosidl_typesupport_fastrtps_c;rosidl_typesupport_introspection_c
[0.771s] -- Using all available rosidl_typesupport_cpp: rosidl_typesupport_fastrtps_cpp;rosidl_typesupport_introspection_cpp
[0.772s] -- Found geometry_msgs: 4.9.0 (/opt/ros/humble/share/geometry_msgs/cmake)
[0.772s] -- Found sensor_msgs: 4.9.0 (/opt/ros/humble/share/sensor_msgs/cmake)
[0.772s] -- Found ament_lint_auto: 0.12.12 (/opt/ros/humble/share/ament_lint_auto/cmake)
[0.772s] -- Added test 'lint_cmake' to check CMake code style
[0.772s] -- Added test 'xmllint' to check XML markup files
[0.772s] -- Configuring done
[0.772s] -- Generating done
[0.772s] -- Build files have been written to: /home/vedantso/TalkrBot/build/talkrbot_msgs
[0.774s] Invoked command in '/home/vedantso/TalkrBot/build/talkrbot_msgs' returned '0': CMAKE_PREFIX_PATH=${CMAKE_PREFIX_PATH}:/home/vedantso/ros2_ws/install/teensy_sensors:/home/vedantso/ros2_ws/install/ros_tcp_endpoint:/home/vedantso/ros2_ws/install/ros2_roboclaw:/home/vedantso/ros2_ws/install/ros2_controller:/home/vedantso/ros2_ws/install/robot_description:/home/vedantso/ros2_ws/install/loca_and_nav:/home/vedantso/ros2_ws/install/image_processing:/home/vedantso/ros2_ws/install/art_lab_launcher:/home/vedantso/ros2_ws/install/Reach_Device:/opt/ros/humble /usr/bin/cmake /home/vedantso/TalkrBot/talkrbot_msgs -DAMENT_CMAKE_SYMLINK_INSTALL=1 -DCMAKE_INSTALL_PREFIX=/home/vedantso/TalkrBot/install/talkrbot_msgs
[0.775s] Invoking command in '/home/vedantso/TalkrBot/build/talkrbot_msgs': CMAKE_PREFIX_PATH=${CMAKE_PREFIX_PATH}:/home/vedantso/ros2_ws/install/teensy_sensors:/home/vedantso/ros2_ws/install/ros_tcp_endpoint:/home/vedantso/ros2_ws/install/ros2_roboclaw:/home/vedantso/ros2_ws/install/ros2_controller:/home/vedantso/ros2_ws/install/robot_description:/home/vedantso/ros2_ws/install/loca_and_nav:/home/vedantso/ros2_ws/install/image_processing:/home/vedantso/ros2_ws/install/art_lab_launcher:/home/vedantso/ros2_ws/install/Reach_Device:/opt/ros/humble /usr/bin/cmake --build /home/vedantso/TalkrBot/build/talkrbot_msgs -- -j22 -l22
[0.820s] Invoked command in '/home/vedantso/TalkrBot/build/talkrbot_msgs' returned '0': CMAKE_PREFIX_PATH=${CMAKE_PREFIX_PATH}:/home/vedantso/ros2_ws/install/teensy_sensors:/home/vedantso/ros2_ws/install/ros_tcp_endpoint:/home/vedantso/ros2_ws/install/ros2_roboclaw:/home/vedantso/ros2_ws/install/ros2_controller:/home/vedantso/ros2_ws/install/robot_description:/home/vedantso/ros2_ws/install/loca_and_nav:/home/vedantso/ros2_ws/install/image_processing:/home/vedantso/ros2_ws/install/art_lab_launcher:/home/vedantso/ros2_ws/install/Reach_Device:/opt/ros/humble /usr/bin/cmake --build /home/vedantso/TalkrBot/build/talkrbot_msgs -- -j22 -l22
[0.833s] Invoking command in '/home/vedantso/TalkrBot/build/talkrbot_msgs': CMAKE_PREFIX_PATH=${CMAKE_PREFIX_PATH}:/home/vedantso/ros2_ws/install/teensy_sensors:/home/vedantso/ros2_ws/install/ros_tcp_endpoint:/home/vedantso/ros2_ws/install/ros2_roboclaw:/home/vedantso/ros2_ws/install/ros2_controller:/home/vedantso/ros2_ws/install/robot_description:/home/vedantso/ros2_ws/install/loca_and_nav:/home/vedantso/ros2_ws/install/image_processing:/home/vedantso/ros2_ws/install/art_lab_launcher:/home/vedantso/ros2_ws/install/Reach_Device:/opt/ros/humble /usr/bin/cmake --install /home/vedantso/TalkrBot/build/talkrbot_msgs
[0.840s] -- Install configuration: ""
[0.841s] -- Execute custom install script
[0.841s] -- Symlinking: /home/vedantso/TalkrBot/install/talkrbot_msgs/share/ament_index/resource_index/package_run_dependencies/talkrbot_msgs
[0.851s] -- Symlinking: /home/vedantso/TalkrBot/install/talkrbot_msgs/share/ament_index/resource_index/parent_prefix_path/talkrbot_msgs
[0.863s] -- Symlinking: /home/vedantso/TalkrBot/install/talkrbot_msgs/share/talkrbot_msgs/environment/ament_prefix_path.sh
[0.874s] -- Symlinking: /home/vedantso/TalkrBot/install/talkrbot_msgs/share/talkrbot_msgs/environment/ament_prefix_path.dsv
[0.886s] -- Symlinking: /home/vedantso/TalkrBot/install/talkrbot_msgs/share/talkrbot_msgs/environment/path.sh
[0.898s] -- Symlinking: /home/vedantso/TalkrBot/install/talkrbot_msgs/share/talkrbot_msgs/environment/path.dsv
[0.910s] -- Symlinking: /home/vedantso/TalkrBot/install/talkrbot_msgs/share/talkrbot_msgs/local_setup.bash
[0.919s] -- Symlinking: /home/vedantso/TalkrBot/install/talkrbot_msgs/share/talkrbot_msgs/local_setup.sh
[0.928s] -- Symlinking: /home/vedantso/TalkrBot/install/talkrbot_msgs/share/talkrbot_msgs/local_setup.zsh
[0.936s] -- Symlinking: /home/vedantso/TalkrBot/install/talkrbot_msgs/share/talkrbot_msgs/local_setup.dsv
[0.943s] -- Symlinking: /home/vedantso/TalkrBot/install/talkrbot_msgs/share/talkrbot_msgs/package.dsv
[0.954s] -- Symlinking: /home/vedantso/TalkrBot/install/talkrbot_msgs/share/ament_index/resource_index/packages/talkrbot_msgs
[0.966s] -- Symlinking: /home/vedantso/TalkrBot/install/talkrbot_msgs/share/talkrbot_msgs/cmake/talkrbot_msgsConfig.cmake
[0.977s] -- Symlinking: /home/vedantso/TalkrBot/install/talkrbot_msgs/share/talkrbot_msgs/cmake/talkrbot_msgsConfig-version.cmake
[0.990s] -- Symlinking: /home/vedantso/TalkrBot/install/talkrbot_msgs/share/talkrbot_msgs/package.xml
[1.000s] Invoked command in '/home/vedantso/TalkrBot/build/talkrbot_msgs' returned '0': CMAKE_PREFIX_PATH=${CMAKE_PREFIX_PATH}:/home/vedantso/ros2_ws/install/teensy_sensors:/home/vedantso/ros2_ws/install/ros_tcp_endpoint:/home/vedantso/ros2_ws/install/ros2_roboclaw:/home/vedantso/ros2_ws/install/ros2_controller:/home/vedantso/ros2_ws/install/robot_description:/home/vedantso/ros2_ws/install/loca_and_nav:/home/vedantso/ros2_ws/install/image_processing:/home/vedantso/ros2_ws/install/art_lab_launcher:/home/vedantso/ros2_ws/install/Reach_Device:/opt/ros/humble /usr/bin/cmake --install /home/vedantso/TalkrBot/build/talkrbot_msgs
