running develop
Removing /home/vedantso/TalkrBot/install/talkrbot_aac/lib/python3.10/site-packages/talkrbot-aac.egg-link (link to .)
running egg_info
writing ../build/talkrbot_aac/talkrbot_aac.egg-info/PKG-INFO
writing dependency_links to ../build/talkrbot_aac/talkrbot_aac.egg-info/dependency_links.txt
writing entry points to ../build/talkrbot_aac/talkrbot_aac.egg-info/entry_points.txt
writing requirements to ../build/talkrbot_aac/talkrbot_aac.egg-info/requires.txt
writing top-level names to ../build/talkrbot_aac/talkrbot_aac.egg-info/top_level.txt
reading manifest file '../build/talkrbot_aac/talkrbot_aac.egg-info/SOURCES.txt'
writing manifest file '../build/talkrbot_aac/talkrbot_aac.egg-info/SOURCES.txt'
running build
running build_py
creating /home/vedantso/TalkrBot/build/talkrbot_aac/build
creating /home/vedantso/TalkrBot/build/talkrbot_aac/build/lib
creating /home/vedantso/TalkrBot/build/talkrbot_aac/build/lib/talkrbot_aac
copying talkrbot_aac/__init__.py -> /home/vedantso/TalkrBot/build/talkrbot_aac/build/lib/talkrbot_aac
copying talkrbot_aac/aac_node.py -> /home/vedantso/TalkrBot/build/talkrbot_aac/build/lib/talkrbot_aac
running install
running install_lib
creating /home/vedantso/TalkrBot/install/talkrbot_aac/lib/python3.10/site-packages/talkrbot_aac
copying /home/vedantso/TalkrBot/build/talkrbot_aac/build/lib/talkrbot_aac/__init__.py -> /home/vedantso/TalkrBot/install/talkrbot_aac/lib/python3.10/site-packages/talkrbot_aac
copying /home/vedantso/TalkrBot/build/talkrbot_aac/build/lib/talkrbot_aac/aac_node.py -> /home/vedantso/TalkrBot/install/talkrbot_aac/lib/python3.10/site-packages/talkrbot_aac
byte-compiling /home/vedantso/TalkrBot/install/talkrbot_aac/lib/python3.10/site-packages/talkrbot_aac/__init__.py to __init__.cpython-310.pyc
byte-compiling /home/vedantso/TalkrBot/install/talkrbot_aac/lib/python3.10/site-packages/talkrbot_aac/aac_node.py to aac_node.cpython-310.pyc
running install_data
copying resource/talkrbot_aac -> /home/vedantso/TalkrBot/install/talkrbot_aac/share/ament_index/resource_index/packages
copying package.xml -> /home/vedantso/TalkrBot/install/talkrbot_aac/share/talkrbot_aac
running install_egg_info
Copying ../build/talkrbot_aac/talkrbot_aac.egg-info to /home/vedantso/TalkrBot/install/talkrbot_aac/lib/python3.10/site-packages/talkrbot_aac-0.0.0-py3.10.egg-info
running install_scripts
Installing aac_node script to /home/vedantso/TalkrBot/install/talkrbot_aac/lib/talkrbot_aac
writing list of installed files to '/home/vedantso/TalkrBot/build/talkrbot_aac/install.log'
