[0.990s] Invoking command in '/home/vedantso/TalkrBot/talkrbot_aac': PYTHONPATH=/home/vedantso/TalkrBot/build/talkrbot_aac/prefix_override:/usr/lib/python3/dist-packages/colcon_core/task/python/colcon_distutils_commands:/home/vedantso/TalkrBot/install/talkrbot_aac/lib/python3.10/site-packages:${PYTHONPATH} /usr/bin/python3 -W ignore:setup.py install is deprecated -W ignore:easy_install command is deprecated setup.py egg_info --egg-base ../build/talkrbot_aac build --build-base /home/vedantso/TalkrBot/build/talkrbot_aac/build install --record /home/vedantso/TalkrBot/build/talkrbot_aac/install.log --single-version-externally-managed install_data
[1.132s] running egg_info
[1.133s] writing ../build/talkrbot_aac/talkrbot_aac.egg-info/PKG-INFO
[1.133s] writing dependency_links to ../build/talkrbot_aac/talkrbot_aac.egg-info/dependency_links.txt
[1.133s] writing entry points to ../build/talkrbot_aac/talkrbot_aac.egg-info/entry_points.txt
[1.133s] writing requirements to ../build/talkrbot_aac/talkrbot_aac.egg-info/requires.txt
[1.133s] writing top-level names to ../build/talkrbot_aac/talkrbot_aac.egg-info/top_level.txt
[1.134s] reading manifest file '../build/talkrbot_aac/talkrbot_aac.egg-info/SOURCES.txt'
[1.135s] writing manifest file '../build/talkrbot_aac/talkrbot_aac.egg-info/SOURCES.txt'
[1.135s] running build
[1.135s] running build_py
[1.135s] running install
[1.135s] running install_lib
[1.136s] running install_data
[1.136s] running install_egg_info
[1.137s] removing '/home/vedantso/TalkrBot/install/talkrbot_aac/lib/python3.10/site-packages/talkrbot_aac-0.0.0-py3.10.egg-info' (and everything under it)
[1.137s] Copying ../build/talkrbot_aac/talkrbot_aac.egg-info to /home/vedantso/TalkrBot/install/talkrbot_aac/lib/python3.10/site-packages/talkrbot_aac-0.0.0-py3.10.egg-info
[1.138s] running install_scripts
[1.152s] Installing aac_node script to /home/vedantso/TalkrBot/install/talkrbot_aac/lib/talkrbot_aac
[1.152s] writing list of installed files to '/home/vedantso/TalkrBot/build/talkrbot_aac/install.log'
[1.169s] Invoked command in '/home/vedantso/TalkrBot/talkrbot_aac' returned '0': PYTHONPATH=/home/vedantso/TalkrBot/build/talkrbot_aac/prefix_override:/usr/lib/python3/dist-packages/colcon_core/task/python/colcon_distutils_commands:/home/vedantso/TalkrBot/install/talkrbot_aac/lib/python3.10/site-packages:${PYTHONPATH} /usr/bin/python3 -W ignore:setup.py install is deprecated -W ignore:easy_install command is deprecated setup.py egg_info --egg-base ../build/talkrbot_aac build --build-base /home/vedantso/TalkrBot/build/talkrbot_aac/build install --record /home/vedantso/TalkrBot/build/talkrbot_aac/install.log --single-version-externally-managed install_data
