[1.070s] Invoking command in '/home/vedantso/TalkrBot/build/talkrbot_perception': PYTHONPATH=/home/vedantso/TalkrBot/build/talkrbot_perception/prefix_override:/usr/lib/python3/dist-packages/colcon_core/task/python/colcon_distutils_commands:/home/vedantso/TalkrBot/install/talkrbot_perception/lib/python3.10/site-packages:${PYTHONPATH} /usr/bin/python3 -W ignore:setup.py install is deprecated -W ignore:easy_install command is deprecated setup.py develop --uninstall --editable --build-directory /home/vedantso/TalkrBot/build/talkrbot_perception/build
[1.231s] running develop
[1.324s] Removing /home/vedantso/TalkrBot/install/talkrbot_perception/lib/python3.10/site-packages/talkrbot-perception.egg-link (link to .)
[1.351s] Invoked command in '/home/vedantso/TalkrBot/build/talkrbot_perception' returned '0': PYTHONPATH=/home/vedantso/TalkrBot/build/talkrbot_perception/prefix_override:/usr/lib/python3/dist-packages/colcon_core/task/python/colcon_distutils_commands:/home/vedantso/TalkrBot/install/talkrbot_perception/lib/python3.10/site-packages:${PYTHONPATH} /usr/bin/python3 -W ignore:setup.py install is deprecated -W ignore:easy_install command is deprecated setup.py develop --uninstall --editable --build-directory /home/vedantso/TalkrBot/build/talkrbot_perception/build
[1.352s] Invoking command in '/home/vedantso/TalkrBot/talkrbot_perception': PYTHONPATH=/home/vedantso/TalkrBot/build/talkrbot_perception/prefix_override:/usr/lib/python3/dist-packages/colcon_core/task/python/colcon_distutils_commands:/home/vedantso/TalkrBot/install/talkrbot_perception/lib/python3.10/site-packages:${PYTHONPATH} /usr/bin/python3 -W ignore:setup.py install is deprecated -W ignore:easy_install command is deprecated setup.py egg_info --egg-base ../build/talkrbot_perception build --build-base /home/vedantso/TalkrBot/build/talkrbot_perception/build install --record /home/vedantso/TalkrBot/build/talkrbot_perception/install.log --single-version-externally-managed install_data --force
[1.498s] running egg_info
[1.499s] writing ../build/talkrbot_perception/talkrbot_perception.egg-info/PKG-INFO
[1.499s] writing dependency_links to ../build/talkrbot_perception/talkrbot_perception.egg-info/dependency_links.txt
[1.499s] writing entry points to ../build/talkrbot_perception/talkrbot_perception.egg-info/entry_points.txt
[1.499s] writing requirements to ../build/talkrbot_perception/talkrbot_perception.egg-info/requires.txt
[1.499s] writing top-level names to ../build/talkrbot_perception/talkrbot_perception.egg-info/top_level.txt
[1.500s] reading manifest file '../build/talkrbot_perception/talkrbot_perception.egg-info/SOURCES.txt'
[1.500s] writing manifest file '../build/talkrbot_perception/talkrbot_perception.egg-info/SOURCES.txt'
[1.501s] running build
[1.501s] running build_py
[1.501s] running install
[1.501s] running install_lib
[1.501s] creating /home/vedantso/TalkrBot/install/talkrbot_perception/lib/python3.10/site-packages/talkrbot_perception
[1.501s] copying /home/vedantso/TalkrBot/build/talkrbot_perception/build/lib/talkrbot_perception/__init__.py -> /home/vedantso/TalkrBot/install/talkrbot_perception/lib/python3.10/site-packages/talkrbot_perception
[1.502s] byte-compiling /home/vedantso/TalkrBot/install/talkrbot_perception/lib/python3.10/site-packages/talkrbot_perception/__init__.py to __init__.cpython-310.pyc
[1.502s] running install_data
[1.502s] copying resource/talkrbot_perception -> /home/vedantso/TalkrBot/install/talkrbot_perception/share/ament_index/resource_index/packages
[1.502s] copying package.xml -> /home/vedantso/TalkrBot/install/talkrbot_perception/share/talkrbot_perception
[1.502s] running install_egg_info
[1.503s] Copying ../build/talkrbot_perception/talkrbot_perception.egg-info to /home/vedantso/TalkrBot/install/talkrbot_perception/lib/python3.10/site-packages/talkrbot_perception-0.0.0-py3.10.egg-info
[1.504s] running install_scripts
[1.518s] writing list of installed files to '/home/vedantso/TalkrBot/build/talkrbot_perception/install.log'
[1.545s] Invoked command in '/home/vedantso/TalkrBot/talkrbot_perception' returned '0': PYTHONPATH=/home/vedantso/TalkrBot/build/talkrbot_perception/prefix_override:/usr/lib/python3/dist-packages/colcon_core/task/python/colcon_distutils_commands:/home/vedantso/TalkrBot/install/talkrbot_perception/lib/python3.10/site-packages:${PYTHONPATH} /usr/bin/python3 -W ignore:setup.py install is deprecated -W ignore:easy_install command is deprecated setup.py egg_info --egg-base ../build/talkrbot_perception build --build-base /home/vedantso/TalkrBot/build/talkrbot_perception/build install --record /home/vedantso/TalkrBot/build/talkrbot_perception/install.log --single-version-externally-managed install_data --force
