[0.011s] Invoking command in '/home/vedantso/TalkrBot/build/talkrbot_msgs': /usr/bin/cmake /home/vedantso/TalkrBot/talkrbot_msgs -DCMAKE_INSTALL_PREFIX=/home/vedantso/TalkrBot/install/talkrbot_msgs
[0.120s] -- The C compiler identification is GNU 11.4.0
[0.186s] -- The CXX compiler identification is GNU 11.4.0
[0.194s] -- Detecting C compiler ABI info
[0.267s] -- Detecting C compiler ABI info - done
[0.272s] -- Check for working C compiler: /usr/bin/cc - skipped
[0.272s] -- Detecting C compile features
[0.273s] -- Detecting C compile features - done
[0.275s] -- Detecting CXX compiler ABI info
[0.363s] -- Detecting CXX compiler ABI info - done
[0.368s] -- Check for working CXX compiler: /usr/bin/c++ - skipped
[0.369s] -- Detecting CXX compile features
[0.369s] -- Detecting CXX compile features - done
[0.371s] -- Found ament_cmake: 1.3.11 (/opt/ros/humble/share/ament_cmake/cmake)
[0.501s] -- Found Python3: /usr/bin/python3 (found version "3.10.12") found components: Interpreter 
[0.581s] -- Found std_msgs: 4.9.0 (/opt/ros/humble/share/std_msgs/cmake)
[0.608s] -- Found rosidl_generator_c: 3.1.6 (/opt/ros/humble/share/rosidl_generator_c/cmake)
[0.612s] -- Found rosidl_adapter: 3.1.6 (/opt/ros/humble/share/rosidl_adapter/cmake)
[0.620s] -- Found rosidl_generator_cpp: 3.1.6 (/opt/ros/humble/share/rosidl_generator_cpp/cmake)
[0.630s] -- Using all available rosidl_typesupport_c: rosidl_typesupport_fastrtps_c;rosidl_typesupport_introspection_c
[0.641s] -- Using all available rosidl_typesupport_cpp: rosidl_typesupport_fastrtps_cpp;rosidl_typesupport_introspection_cpp
[0.658s] -- Found geometry_msgs: 4.9.0 (/opt/ros/humble/share/geometry_msgs/cmake)
[0.667s] -- Found sensor_msgs: 4.9.0 (/opt/ros/humble/share/sensor_msgs/cmake)
[0.678s] -- Found ament_lint_auto: 0.12.12 (/opt/ros/humble/share/ament_lint_auto/cmake)
[0.713s] Error parsing '/home/vedantso/TalkrBot/talkrbot_msgs/package.xml':
[0.741s] Traceback (most recent call last):
[0.741s]   File "/opt/ros/humble/share/ament_cmake_core/cmake/core/package_xml_2_cmake.py", line 150, in <module>
[0.741s]     main()
[0.741s]   File "/opt/ros/humble/share/ament_cmake_core/cmake/core/package_xml_2_cmake.py", line 53, in main
[0.741s]     raise e
[0.742s]   File "/opt/ros/humble/share/ament_cmake_core/cmake/core/package_xml_2_cmake.py", line 49, in main
[0.742s]     package = parse_package_string(
[0.742s]   File "/usr/lib/python3/dist-packages/catkin_pkg/package.py", line 788, in parse_package_string
[0.742s]     pkg.validate(warnings=warnings)
[0.742s]   File "/usr/lib/python3/dist-packages/catkin_pkg/package.py", line 330, in validate
[0.742s]     raise InvalidPackage('\n'.join(errors), self.filename)
[0.742s] catkin_pkg.package.InvalidPackage: Error(s) in package '/home/vedantso/TalkrBot/talkrbot_msgs/package.xml':
[0.742s] Invalid email "ved.06.soni@gma il.com" for person "vedantso"
[0.749s] [31mCMake Error at /opt/ros/humble/share/ament_cmake_core/cmake/core/ament_package_xml.cmake:95 (message):
[0.749s]   execute_process(/usr/bin/python3
[0.749s]   /opt/ros/humble/share/ament_cmake_core/cmake/core/package_xml_2_cmake.py
[0.749s]   /home/vedantso/TalkrBot/talkrbot_msgs/package.xml
[0.749s]   /home/vedantso/TalkrBot/build/talkrbot_msgs/ament_cmake_core/package.cmake)
[0.750s]   returned error code 1
[0.750s] Call Stack (most recent call first):
[0.750s]   /opt/ros/humble/share/ament_cmake_core/cmake/core/ament_package_xml.cmake:49 (_ament_package_xml)
[0.750s]   /opt/ros/humble/share/ament_lint_auto/cmake/ament_lint_auto_find_test_dependencies.cmake:31 (ament_package_xml)
[0.750s]   CMakeLists.txt:23 (ament_lint_auto_find_test_dependencies)
[0.750s] 
[0.750s] [0m
[0.750s] -- Configuring incomplete, errors occurred!
[0.750s] See also "/home/vedantso/TalkrBot/build/talkrbot_msgs/CMakeFiles/CMakeOutput.log".
[0.755s] Invoked command in '/home/vedantso/TalkrBot/build/talkrbot_msgs' returned '1': /usr/bin/cmake /home/vedantso/TalkrBot/talkrbot_msgs -DCMAKE_INSTALL_PREFIX=/home/vedantso/TalkrBot/install/talkrbot_msgs
