[1.088s] Invoking command in '/home/vedantso/TalkrBot/build/talkrbot_aac': PYTHONPATH=/home/vedantso/TalkrBot/build/talkrbot_aac/prefix_override:/usr/lib/python3/dist-packages/colcon_core/task/python/colcon_distutils_commands:/home/vedantso/TalkrBot/install/talkrbot_aac/lib/python3.10/site-packages:${PYTHONPATH} /usr/bin/python3 -W ignore:setup.py install is deprecated -W ignore:easy_install command is deprecated setup.py develop --uninstall --editable --build-directory /home/vedantso/TalkrBot/build/talkrbot_aac/build
[1.248s] running develop
[1.339s] Removing /home/vedantso/TalkrBot/install/talkrbot_aac/lib/python3.10/site-packages/talkrbot-aac.egg-link (link to .)
[1.361s] Invoked command in '/home/vedantso/TalkrBot/build/talkrbot_aac' returned '0': PYTHONPATH=/home/vedantso/TalkrBot/build/talkrbot_aac/prefix_override:/usr/lib/python3/dist-packages/colcon_core/task/python/colcon_distutils_commands:/home/vedantso/TalkrBot/install/talkrbot_aac/lib/python3.10/site-packages:${PYTHONPATH} /usr/bin/python3 -W ignore:setup.py install is deprecated -W ignore:easy_install command is deprecated setup.py develop --uninstall --editable --build-directory /home/vedantso/TalkrBot/build/talkrbot_aac/build
[1.362s] Invoking command in '/home/vedantso/TalkrBot/talkrbot_aac': PYTHONPATH=/home/vedantso/TalkrBot/build/talkrbot_aac/prefix_override:/usr/lib/python3/dist-packages/colcon_core/task/python/colcon_distutils_commands:/home/vedantso/TalkrBot/install/talkrbot_aac/lib/python3.10/site-packages:${PYTHONPATH} /usr/bin/python3 -W ignore:setup.py install is deprecated -W ignore:easy_install command is deprecated setup.py egg_info --egg-base ../build/talkrbot_aac build --build-base /home/vedantso/TalkrBot/build/talkrbot_aac/build install --record /home/vedantso/TalkrBot/build/talkrbot_aac/install.log --single-version-externally-managed install_data --force
[1.527s] running egg_info
[1.528s] writing ../build/talkrbot_aac/talkrbot_aac.egg-info/PKG-INFO
[1.528s] writing dependency_links to ../build/talkrbot_aac/talkrbot_aac.egg-info/dependency_links.txt
[1.528s] writing entry points to ../build/talkrbot_aac/talkrbot_aac.egg-info/entry_points.txt
[1.528s] writing requirements to ../build/talkrbot_aac/talkrbot_aac.egg-info/requires.txt
[1.528s] writing top-level names to ../build/talkrbot_aac/talkrbot_aac.egg-info/top_level.txt
[1.529s] reading manifest file '../build/talkrbot_aac/talkrbot_aac.egg-info/SOURCES.txt'
[1.529s] writing manifest file '../build/talkrbot_aac/talkrbot_aac.egg-info/SOURCES.txt'
[1.529s] running build
[1.530s] running build_py
[1.530s] creating /home/vedantso/TalkrBot/build/talkrbot_aac/build
[1.530s] creating /home/vedantso/TalkrBot/build/talkrbot_aac/build/lib
[1.530s] creating /home/vedantso/TalkrBot/build/talkrbot_aac/build/lib/talkrbot_aac
[1.530s] copying talkrbot_aac/__init__.py -> /home/vedantso/TalkrBot/build/talkrbot_aac/build/lib/talkrbot_aac
[1.530s] copying talkrbot_aac/aac_node.py -> /home/vedantso/TalkrBot/build/talkrbot_aac/build/lib/talkrbot_aac
[1.530s] running install
[1.530s] running install_lib
[1.530s] creating /home/vedantso/TalkrBot/install/talkrbot_aac/lib/python3.10/site-packages/talkrbot_aac
[1.530s] copying /home/vedantso/TalkrBot/build/talkrbot_aac/build/lib/talkrbot_aac/__init__.py -> /home/vedantso/TalkrBot/install/talkrbot_aac/lib/python3.10/site-packages/talkrbot_aac
[1.530s] copying /home/vedantso/TalkrBot/build/talkrbot_aac/build/lib/talkrbot_aac/aac_node.py -> /home/vedantso/TalkrBot/install/talkrbot_aac/lib/python3.10/site-packages/talkrbot_aac
[1.531s] byte-compiling /home/vedantso/TalkrBot/install/talkrbot_aac/lib/python3.10/site-packages/talkrbot_aac/__init__.py to __init__.cpython-310.pyc
[1.531s] byte-compiling /home/vedantso/TalkrBot/install/talkrbot_aac/lib/python3.10/site-packages/talkrbot_aac/aac_node.py to aac_node.cpython-310.pyc
[1.532s] running install_data
[1.532s] copying resource/talkrbot_aac -> /home/vedantso/TalkrBot/install/talkrbot_aac/share/ament_index/resource_index/packages
[1.532s] copying package.xml -> /home/vedantso/TalkrBot/install/talkrbot_aac/share/talkrbot_aac
[1.532s] running install_egg_info
[1.533s] Copying ../build/talkrbot_aac/talkrbot_aac.egg-info to /home/vedantso/TalkrBot/install/talkrbot_aac/lib/python3.10/site-packages/talkrbot_aac-0.0.0-py3.10.egg-info
[1.534s] running install_scripts
[1.548s] Installing aac_node script to /home/vedantso/TalkrBot/install/talkrbot_aac/lib/talkrbot_aac
[1.548s] writing list of installed files to '/home/vedantso/TalkrBot/build/talkrbot_aac/install.log'
[1.567s] Invoked command in '/home/vedantso/TalkrBot/talkrbot_aac' returned '0': PYTHONPATH=/home/vedantso/TalkrBot/build/talkrbot_aac/prefix_override:/usr/lib/python3/dist-packages/colcon_core/task/python/colcon_distutils_commands:/home/vedantso/TalkrBot/install/talkrbot_aac/lib/python3.10/site-packages:${PYTHONPATH} /usr/bin/python3 -W ignore:setup.py install is deprecated -W ignore:easy_install command is deprecated setup.py egg_info --egg-base ../build/talkrbot_aac build --build-base /home/vedantso/TalkrBot/build/talkrbot_aac/build install --record /home/vedantso/TalkrBot/build/talkrbot_aac/install.log --single-version-externally-managed install_data --force
