[1.039s] Invoking command in '/home/vedantso/TalkrBot/build/talkrbot_nav': PYTHONPATH=/home/vedantso/TalkrBot/build/talkrbot_nav/prefix_override:/usr/lib/python3/dist-packages/colcon_core/task/python/colcon_distutils_commands:/home/vedantso/TalkrBot/install/talkrbot_nav/lib/python3.10/site-packages:${PYTHONPATH} /usr/bin/python3 -W ignore:setup.py install is deprecated -W ignore:easy_install command is deprecated setup.py develop --uninstall --editable --build-directory /home/vedantso/TalkrBot/build/talkrbot_nav/build
[1.202s] running develop
[1.295s] Removing /home/vedantso/TalkrBot/install/talkrbot_nav/lib/python3.10/site-packages/talkrbot-nav.egg-link (link to .)
[1.316s] Invoked command in '/home/vedantso/TalkrBot/build/talkrbot_nav' returned '0': PYTHONPATH=/home/vedantso/TalkrBot/build/talkrbot_nav/prefix_override:/usr/lib/python3/dist-packages/colcon_core/task/python/colcon_distutils_commands:/home/vedantso/TalkrBot/install/talkrbot_nav/lib/python3.10/site-packages:${PYTHONPATH} /usr/bin/python3 -W ignore:setup.py install is deprecated -W ignore:easy_install command is deprecated setup.py develop --uninstall --editable --build-directory /home/vedantso/TalkrBot/build/talkrbot_nav/build
[1.317s] Invoking command in '/home/vedantso/TalkrBot/talkrbot_nav': PYTHONPATH=/home/vedantso/TalkrBot/build/talkrbot_nav/prefix_override:/usr/lib/python3/dist-packages/colcon_core/task/python/colcon_distutils_commands:/home/vedantso/TalkrBot/install/talkrbot_nav/lib/python3.10/site-packages:${PYTHONPATH} /usr/bin/python3 -W ignore:setup.py install is deprecated -W ignore:easy_install command is deprecated setup.py egg_info --egg-base ../build/talkrbot_nav build --build-base /home/vedantso/TalkrBot/build/talkrbot_nav/build install --record /home/vedantso/TalkrBot/build/talkrbot_nav/install.log --single-version-externally-managed install_data --force
[1.467s] running egg_info
[1.467s] writing ../build/talkrbot_nav/talkrbot_nav.egg-info/PKG-INFO
[1.467s] writing dependency_links to ../build/talkrbot_nav/talkrbot_nav.egg-info/dependency_links.txt
[1.467s] writing entry points to ../build/talkrbot_nav/talkrbot_nav.egg-info/entry_points.txt
[1.468s] writing requirements to ../build/talkrbot_nav/talkrbot_nav.egg-info/requires.txt
[1.468s] writing top-level names to ../build/talkrbot_nav/talkrbot_nav.egg-info/top_level.txt
[1.469s] reading manifest file '../build/talkrbot_nav/talkrbot_nav.egg-info/SOURCES.txt'
[1.469s] writing manifest file '../build/talkrbot_nav/talkrbot_nav.egg-info/SOURCES.txt'
[1.469s] running build
[1.469s] running build_py
[1.469s] creating /home/vedantso/TalkrBot/build/talkrbot_nav/build
[1.469s] creating /home/vedantso/TalkrBot/build/talkrbot_nav/build/lib
[1.469s] creating /home/vedantso/TalkrBot/build/talkrbot_nav/build/lib/talkrbot_nav
[1.469s] copying talkrbot_nav/__init__.py -> /home/vedantso/TalkrBot/build/talkrbot_nav/build/lib/talkrbot_nav
[1.469s] running install
[1.469s] running install_lib
[1.470s] creating /home/vedantso/TalkrBot/install/talkrbot_nav/lib/python3.10/site-packages/talkrbot_nav
[1.470s] copying /home/vedantso/TalkrBot/build/talkrbot_nav/build/lib/talkrbot_nav/__init__.py -> /home/vedantso/TalkrBot/install/talkrbot_nav/lib/python3.10/site-packages/talkrbot_nav
[1.470s] byte-compiling /home/vedantso/TalkrBot/install/talkrbot_nav/lib/python3.10/site-packages/talkrbot_nav/__init__.py to __init__.cpython-310.pyc
[1.470s] running install_data
[1.470s] copying resource/talkrbot_nav -> /home/vedantso/TalkrBot/install/talkrbot_nav/share/ament_index/resource_index/packages
[1.471s] copying package.xml -> /home/vedantso/TalkrBot/install/talkrbot_nav/share/talkrbot_nav
[1.471s] running install_egg_info
[1.472s] Copying ../build/talkrbot_nav/talkrbot_nav.egg-info to /home/vedantso/TalkrBot/install/talkrbot_nav/lib/python3.10/site-packages/talkrbot_nav-0.0.0-py3.10.egg-info
[1.472s] running install_scripts
[1.487s] writing list of installed files to '/home/vedantso/TalkrBot/build/talkrbot_nav/install.log'
[1.504s] Invoked command in '/home/vedantso/TalkrBot/talkrbot_nav' returned '0': PYTHONPATH=/home/vedantso/TalkrBot/build/talkrbot_nav/prefix_override:/usr/lib/python3/dist-packages/colcon_core/task/python/colcon_distutils_commands:/home/vedantso/TalkrBot/install/talkrbot_nav/lib/python3.10/site-packages:${PYTHONPATH} /usr/bin/python3 -W ignore:setup.py install is deprecated -W ignore:easy_install command is deprecated setup.py egg_info --egg-base ../build/talkrbot_nav build --build-base /home/vedantso/TalkrBot/build/talkrbot_nav/build install --record /home/vedantso/TalkrBot/build/talkrbot_nav/install.log --single-version-externally-managed install_data --force
