[0.363s] Invoking command in '/home/vedantso/TalkrBot/talkrbot_aac': PYTHONPATH=/home/vedantso/TalkrBot/build/talkrbot_aac/prefix_override:/usr/lib/python3/dist-packages/colcon_core/task/python/colcon_distutils_commands:/home/vedantso/TalkrBot/install/talkrbot_aac/lib/python3.10/site-packages:${PYTHONPATH} /usr/bin/python3 -W ignore:setup.py install is deprecated -W ignore:easy_install command is deprecated setup.py egg_info --egg-base ../build/talkrbot_aac build --build-base /home/vedantso/TalkrBot/build/talkrbot_aac/build install --record /home/vedantso/TalkrBot/build/talkrbot_aac/install.log --single-version-externally-managed install_data
[0.499s] running egg_info
[0.500s] writing ../build/talkrbot_aac/talkrbot_aac.egg-info/PKG-INFO
[0.500s] writing dependency_links to ../build/talkrbot_aac/talkrbot_aac.egg-info/dependency_links.txt
[0.500s] writing entry points to ../build/talkrbot_aac/talkrbot_aac.egg-info/entry_points.txt
[0.500s] writing requirements to ../build/talkrbot_aac/talkrbot_aac.egg-info/requires.txt
[0.500s] writing top-level names to ../build/talkrbot_aac/talkrbot_aac.egg-info/top_level.txt
[0.500s] reading manifest file '../build/talkrbot_aac/talkrbot_aac.egg-info/SOURCES.txt'
[0.501s] writing manifest file '../build/talkrbot_aac/talkrbot_aac.egg-info/SOURCES.txt'
[0.501s] running build
[0.501s] running build_py
[0.501s] copying talkrbot_aac/aac_node.py -> /home/vedantso/TalkrBot/build/talkrbot_aac/build/lib/talkrbot_aac
[0.501s] running install
[0.502s] running install_lib
[0.502s] copying /home/vedantso/TalkrBot/build/talkrbot_aac/build/lib/talkrbot_aac/aac_node.py -> /home/vedantso/TalkrBot/install/talkrbot_aac/lib/python3.10/site-packages/talkrbot_aac
[0.502s] byte-compiling /home/vedantso/TalkrBot/install/talkrbot_aac/lib/python3.10/site-packages/talkrbot_aac/aac_node.py to aac_node.cpython-310.pyc
[0.503s] running install_data
[0.503s] running install_egg_info
[0.504s] removing '/home/vedantso/TalkrBot/install/talkrbot_aac/lib/python3.10/site-packages/talkrbot_aac-0.0.0-py3.10.egg-info' (and everything under it)
[0.504s] Copying ../build/talkrbot_aac/talkrbot_aac.egg-info to /home/vedantso/TalkrBot/install/talkrbot_aac/lib/python3.10/site-packages/talkrbot_aac-0.0.0-py3.10.egg-info
[0.504s] running install_scripts
[0.516s] Installing aac_node script to /home/vedantso/TalkrBot/install/talkrbot_aac/lib/talkrbot_aac
[0.516s] writing list of installed files to '/home/vedantso/TalkrBot/build/talkrbot_aac/install.log'
[0.531s] Invoked command in '/home/vedantso/TalkrBot/talkrbot_aac' returned '0': PYTHONPATH=/home/vedantso/TalkrBot/build/talkrbot_aac/prefix_override:/usr/lib/python3/dist-packages/colcon_core/task/python/colcon_distutils_commands:/home/vedantso/TalkrBot/install/talkrbot_aac/lib/python3.10/site-packages:${PYTHONPATH} /usr/bin/python3 -W ignore:setup.py install is deprecated -W ignore:easy_install command is deprecated setup.py egg_info --egg-base ../build/talkrbot_aac build --build-base /home/vedantso/TalkrBot/build/talkrbot_aac/build install --record /home/vedantso/TalkrBot/build/talkrbot_aac/install.log --single-version-externally-managed install_data
