-- Found ament_cmake: 1.3.11 (/opt/ros/humble/share/ament_cmake/cmake)
-- Override CMake install command with custom implementation using symlinks instead of copying resources
-- Found rosidl_default_generators: 1.2.0 (/opt/ros/humble/share/rosidl_default_generators/cmake)
-- Using all available rosidl_typesupport_c: rosidl_typesupport_fastrtps_c;rosidl_typesupport_introspection_c
-- Found rosidl_adapter: 3.1.6 (/opt/ros/humble/share/rosidl_adapter/cmake)
-- Using all available rosidl_typesupport_cpp: rosidl_typesupport_fastrtps_cpp;rosidl_typesupport_introspection_cpp
-- Found std_msgs: 4.9.0 (/opt/ros/humble/share/std_msgs/cmake)
-- Found geometry_msgs: 4.9.0 (/opt/ros/humble/share/geometry_msgs/cmake)
-- Found sensor_msgs: 4.9.0 (/opt/ros/humble/share/sensor_msgs/cmake)
-- Found ament_cmake_ros: 0.10.0 (/opt/ros/humble/share/ament_cmake_ros/cmake)
-- Using all available rosidl_typesupport_c: rosidl_typesupport_fastrtps_c;rosidl_typesupport_introspection_c
-- Using all available rosidl_typesupport_cpp: rosidl_typesupport_fastrtps_cpp;rosidl_typesupport_introspection_cpp
-- Found PythonInterp: /usr/bin/python3 (found suitable version "3.10.12", minimum required is "3.6") 
-- Found python_cmake_module: 0.10.0 (/opt/ros/humble/share/python_cmake_module/cmake)
-- Found PythonLibs: /usr/lib/x86_64-linux-gnu/libpython3.10.so (found suitable version "3.10.12", minimum required is "3.5") 
-- Using PYTHON_EXECUTABLE: /usr/bin/python3
-- Using PYTHON_INCLUDE_DIRS: /usr/include/python3.10
-- Using PYTHON_LIBRARIES: /usr/lib/x86_64-linux-gnu/libpython3.10.so
-- Found PythonExtra: .so  
-- Found ament_lint_auto: 0.12.12 (/opt/ros/humble/share/ament_lint_auto/cmake)
-- Added test 'lint_cmake' to check CMake code style
-- Added test 'xmllint' to check XML markup files
-- Configuring done
-- Generating done
-- Build files have been written to: /home/vedantso/TalkrBot/build/talkrbot_msgs
[  3%] [34m[1mGenerating C code for ROS interfaces[0m
[  6%] [34m[1mGenerating C++ code for ROS interfaces[0m
[  6%] Built target ament_cmake_python_symlink_talkrbot_msgs
running egg_info
creating talkrbot_msgs.egg-info
writing talkrbot_msgs.egg-info/PKG-INFO
writing dependency_links to talkrbot_msgs.egg-info/dependency_links.txt
writing top-level names to talkrbot_msgs.egg-info/top_level.txt
writing manifest file 'talkrbot_msgs.egg-info/SOURCES.txt'
reading manifest file 'talkrbot_msgs.egg-info/SOURCES.txt'
writing manifest file 'talkrbot_msgs.egg-info/SOURCES.txt'
[  6%] Built target ament_cmake_python_build_talkrbot_msgs_egg
[  6%] Built target talkrbot_msgs__cpp
[  9%] [32mBuilding C object CMakeFiles/talkrbot_msgs__rosidl_generator_c.dir/rosidl_generator_c/talkrbot_msgs/msg/detail/aac_input__functions.c.o[0m
[ 12%] [34m[1mGenerating C++ type support dispatch for ROS interfaces[0m
[ 16%] [34m[1mGenerating C++ type support for eProsima Fast-RTPS[0m
[ 19%] [34m[1mGenerating C++ introspection for ROS interfaces[0m
[ 22%] [32m[1mLinking C shared library libtalkrbot_msgs__rosidl_generator_c.so[0m
[ 22%] Built target talkrbot_msgs__rosidl_generator_c
[ 25%] [34m[1mGenerating C introspection for ROS interfaces[0m
[ 29%] [34m[1mGenerating C type support dispatch for ROS interfaces[0m
[ 32%] [34m[1mGenerating C type support for eProsima Fast-RTPS[0m
[ 35%] [32mBuilding CXX object CMakeFiles/talkrbot_msgs__rosidl_typesupport_cpp.dir/rosidl_typesupport_cpp/talkrbot_msgs/msg/aac_input__type_support.cpp.o[0m
[ 38%] [32mBuilding CXX object CMakeFiles/talkrbot_msgs__rosidl_typesupport_fastrtps_cpp.dir/rosidl_typesupport_fastrtps_cpp/talkrbot_msgs/msg/detail/dds_fastrtps/aac_input__type_support.cpp.o[0m
[ 41%] [32mBuilding CXX object CMakeFiles/talkrbot_msgs__rosidl_typesupport_introspection_cpp.dir/rosidl_typesupport_introspection_cpp/talkrbot_msgs/msg/detail/aac_input__type_support.cpp.o[0m
[ 45%] [32mBuilding CXX object CMakeFiles/talkrbot_msgs__rosidl_typesupport_c.dir/rosidl_typesupport_c/talkrbot_msgs/msg/aac_input__type_support.cpp.o[0m
[ 51%] [32mBuilding CXX object CMakeFiles/talkrbot_msgs__rosidl_typesupport_fastrtps_c.dir/rosidl_typesupport_fastrtps_c/talkrbot_msgs/msg/detail/aac_input__type_support_c.cpp.o[0m
[ 51%] [32mBuilding C object CMakeFiles/talkrbot_msgs__rosidl_typesupport_introspection_c.dir/rosidl_typesupport_introspection_c/talkrbot_msgs/msg/detail/aac_input__type_support.c.o[0m
[ 54%] [32m[1mLinking CXX shared library libtalkrbot_msgs__rosidl_typesupport_c.so[0m
[ 58%] [32m[1mLinking C shared library libtalkrbot_msgs__rosidl_typesupport_introspection_c.so[0m
[ 61%] [32m[1mLinking CXX shared library libtalkrbot_msgs__rosidl_typesupport_cpp.so[0m
[ 61%] Built target talkrbot_msgs__rosidl_typesupport_c
[ 61%] Built target talkrbot_msgs__rosidl_typesupport_introspection_c
[ 61%] Built target talkrbot_msgs__rosidl_typesupport_cpp
[ 64%] [32m[1mLinking CXX shared library libtalkrbot_msgs__rosidl_typesupport_introspection_cpp.so[0m
[ 67%] [32m[1mLinking CXX shared library libtalkrbot_msgs__rosidl_typesupport_fastrtps_cpp.so[0m
[ 67%] Built target talkrbot_msgs__rosidl_typesupport_introspection_cpp
[ 67%] Built target talkrbot_msgs__rosidl_typesupport_fastrtps_cpp
[ 70%] [32m[1mLinking CXX shared library libtalkrbot_msgs__rosidl_typesupport_fastrtps_c.so[0m
[ 70%] Built target talkrbot_msgs__rosidl_typesupport_fastrtps_c
[ 70%] Built target talkrbot_msgs
[ 74%] [34m[1mGenerating Python code for ROS interfaces[0m
[ 74%] Built target talkrbot_msgs__py
[ 77%] [32mBuilding C object CMakeFiles/talkrbot_msgs__rosidl_generator_py.dir/rosidl_generator_py/talkrbot_msgs/msg/_aac_input_s.c.o[0m
[ 80%] [32m[1mLinking C shared library rosidl_generator_py/talkrbot_msgs/libtalkrbot_msgs__rosidl_generator_py.so[0m
[ 80%] Built target talkrbot_msgs__rosidl_generator_py
[ 83%] [32mBuilding C object CMakeFiles/talkrbot_msgs__rosidl_typesupport_introspection_c__pyext.dir/rosidl_generator_py/talkrbot_msgs/_talkrbot_msgs_s.ep.rosidl_typesupport_introspection_c.c.o[0m
[ 87%] [32mBuilding C object CMakeFiles/talkrbot_msgs__rosidl_typesupport_fastrtps_c__pyext.dir/rosidl_generator_py/talkrbot_msgs/_talkrbot_msgs_s.ep.rosidl_typesupport_fastrtps_c.c.o[0m
[ 90%] [32mBuilding C object CMakeFiles/talkrbot_msgs__rosidl_typesupport_c__pyext.dir/rosidl_generator_py/talkrbot_msgs/_talkrbot_msgs_s.ep.rosidl_typesupport_c.c.o[0m
[ 93%] [32m[1mLinking C shared library rosidl_generator_py/talkrbot_msgs/talkrbot_msgs_s__rosidl_typesupport_introspection_c.cpython-310-x86_64-linux-gnu.so[0m
[ 96%] [32m[1mLinking C shared library rosidl_generator_py/talkrbot_msgs/talkrbot_msgs_s__rosidl_typesupport_fastrtps_c.cpython-310-x86_64-linux-gnu.so[0m
[100%] [32m[1mLinking C shared library rosidl_generator_py/talkrbot_msgs/talkrbot_msgs_s__rosidl_typesupport_c.cpython-310-x86_64-linux-gnu.so[0m
[100%] Built target talkrbot_msgs__rosidl_typesupport_introspection_c__pyext
[100%] Built target talkrbot_msgs__rosidl_typesupport_fastrtps_c__pyext
[100%] Built target talkrbot_msgs__rosidl_typesupport_c__pyext
-- Install configuration: ""
-- Execute custom install script
-- Symlinking: /home/vedantso/TalkrBot/install/talkrbot_msgs/share/ament_index/resource_index/rosidl_interfaces/talkrbot_msgs
-- Symlinking: /home/vedantso/TalkrBot/install/talkrbot_msgs/include/talkrbot_msgs/talkrbot_msgs/msg/aac_input.h
-- Symlinking: /home/vedantso/TalkrBot/install/talkrbot_msgs/include/talkrbot_msgs/talkrbot_msgs/msg/detail/aac_input__functions.h
-- Symlinking: /home/vedantso/TalkrBot/install/talkrbot_msgs/include/talkrbot_msgs/talkrbot_msgs/msg/detail/aac_input__struct.h
-- Symlinking: /home/vedantso/TalkrBot/install/talkrbot_msgs/include/talkrbot_msgs/talkrbot_msgs/msg/detail/aac_input__type_support.h
-- Symlinking: /home/vedantso/TalkrBot/install/talkrbot_msgs/include/talkrbot_msgs/talkrbot_msgs/msg/rosidl_generator_c__visibility_control.h
-- Symlinking: /home/vedantso/TalkrBot/install/talkrbot_msgs/share/talkrbot_msgs/environment/library_path.sh
-- Symlinking: /home/vedantso/TalkrBot/install/talkrbot_msgs/share/talkrbot_msgs/environment/library_path.dsv
-- Symlinking: /home/vedantso/TalkrBot/install/talkrbot_msgs/include/talkrbot_msgs/talkrbot_msgs/msg/detail/aac_input__rosidl_typesupport_fastrtps_c.h
-- Symlinking: /home/vedantso/TalkrBot/install/talkrbot_msgs/include/talkrbot_msgs/talkrbot_msgs/msg/rosidl_typesupport_fastrtps_c__visibility_control.h
-- Symlinking: /home/vedantso/TalkrBot/install/talkrbot_msgs/include/talkrbot_msgs/talkrbot_msgs/msg/detail/aac_input__rosidl_typesupport_introspection_c.h
-- Symlinking: /home/vedantso/TalkrBot/install/talkrbot_msgs/include/talkrbot_msgs/talkrbot_msgs/msg/rosidl_typesupport_introspection_c__visibility_control.h
-- Symlinking: /home/vedantso/TalkrBot/install/talkrbot_msgs/include/talkrbot_msgs/talkrbot_msgs/msg/aac_input.hpp
-- Symlinking: /home/vedantso/TalkrBot/install/talkrbot_msgs/include/talkrbot_msgs/talkrbot_msgs/msg/detail/aac_input__builder.hpp
-- Symlinking: /home/vedantso/TalkrBot/install/talkrbot_msgs/include/talkrbot_msgs/talkrbot_msgs/msg/detail/aac_input__struct.hpp
-- Symlinking: /home/vedantso/TalkrBot/install/talkrbot_msgs/include/talkrbot_msgs/talkrbot_msgs/msg/detail/aac_input__traits.hpp
-- Symlinking: /home/vedantso/TalkrBot/install/talkrbot_msgs/include/talkrbot_msgs/talkrbot_msgs/msg/detail/aac_input__type_support.hpp
-- Symlinking: /home/vedantso/TalkrBot/install/talkrbot_msgs/include/talkrbot_msgs/talkrbot_msgs/msg/rosidl_generator_cpp__visibility_control.hpp
-- Symlinking: /home/vedantso/TalkrBot/install/talkrbot_msgs/include/talkrbot_msgs/talkrbot_msgs/msg/detail/aac_input__rosidl_typesupport_fastrtps_cpp.hpp
-- Symlinking: /home/vedantso/TalkrBot/install/talkrbot_msgs/include/talkrbot_msgs/talkrbot_msgs/msg/rosidl_typesupport_fastrtps_cpp__visibility_control.h
-- Symlinking: /home/vedantso/TalkrBot/install/talkrbot_msgs/include/talkrbot_msgs/talkrbot_msgs/msg/detail/aac_input__rosidl_typesupport_introspection_cpp.hpp
-- Symlinking: /home/vedantso/TalkrBot/install/talkrbot_msgs/share/talkrbot_msgs/environment/pythonpath.sh
-- Symlinking: /home/vedantso/TalkrBot/install/talkrbot_msgs/share/talkrbot_msgs/environment/pythonpath.dsv
-- Symlinking: /home/vedantso/TalkrBot/install/talkrbot_msgs/local/lib/python3.10/dist-packages/talkrbot_msgs-0.0.0-py3.10.egg-info/PKG-INFO
-- Symlinking: /home/vedantso/TalkrBot/install/talkrbot_msgs/local/lib/python3.10/dist-packages/talkrbot_msgs-0.0.0-py3.10.egg-info/SOURCES.txt
-- Symlinking: /home/vedantso/TalkrBot/install/talkrbot_msgs/local/lib/python3.10/dist-packages/talkrbot_msgs-0.0.0-py3.10.egg-info/dependency_links.txt
-- Symlinking: /home/vedantso/TalkrBot/install/talkrbot_msgs/local/lib/python3.10/dist-packages/talkrbot_msgs-0.0.0-py3.10.egg-info/top_level.txt
-- Symlinking: /home/vedantso/TalkrBot/install/talkrbot_msgs/local/lib/python3.10/dist-packages/talkrbot_msgs/__init__.py
-- Symlinking: /home/vedantso/TalkrBot/install/talkrbot_msgs/local/lib/python3.10/dist-packages/talkrbot_msgs/_talkrbot_msgs_s.ep.rosidl_typesupport_c.c
-- Symlinking: /home/vedantso/TalkrBot/install/talkrbot_msgs/local/lib/python3.10/dist-packages/talkrbot_msgs/_talkrbot_msgs_s.ep.rosidl_typesupport_fastrtps_c.c
-- Symlinking: /home/vedantso/TalkrBot/install/talkrbot_msgs/local/lib/python3.10/dist-packages/talkrbot_msgs/_talkrbot_msgs_s.ep.rosidl_typesupport_introspection_c.c
-- Symlinking: /home/vedantso/TalkrBot/install/talkrbot_msgs/local/lib/python3.10/dist-packages/talkrbot_msgs/libtalkrbot_msgs__rosidl_generator_py.so
-- Symlinking: /home/vedantso/TalkrBot/install/talkrbot_msgs/local/lib/python3.10/dist-packages/talkrbot_msgs/msg/__init__.py
-- Symlinking: /home/vedantso/TalkrBot/install/talkrbot_msgs/local/lib/python3.10/dist-packages/talkrbot_msgs/msg/_aac_input.py
-- Symlinking: /home/vedantso/TalkrBot/install/talkrbot_msgs/local/lib/python3.10/dist-packages/talkrbot_msgs/msg/_aac_input_s.c
-- Symlinking: /home/vedantso/TalkrBot/install/talkrbot_msgs/local/lib/python3.10/dist-packages/talkrbot_msgs/talkrbot_msgs_s__rosidl_typesupport_c.cpython-310-x86_64-linux-gnu.so
-- Symlinking: /home/vedantso/TalkrBot/install/talkrbot_msgs/local/lib/python3.10/dist-packages/talkrbot_msgs/talkrbot_msgs_s__rosidl_typesupport_fastrtps_c.cpython-310-x86_64-linux-gnu.so
-- Symlinking: /home/vedantso/TalkrBot/install/talkrbot_msgs/local/lib/python3.10/dist-packages/talkrbot_msgs/talkrbot_msgs_s__rosidl_typesupport_introspection_c.cpython-310-x86_64-linux-gnu.so
-- Up-to-date symlink: /home/vedantso/TalkrBot/install/talkrbot_msgs/local/lib/python3.10/dist-packages/talkrbot_msgs/talkrbot_msgs_s__rosidl_typesupport_fastrtps_c.cpython-310-x86_64-linux-gnu.so
-- Up-to-date symlink: /home/vedantso/TalkrBot/install/talkrbot_msgs/local/lib/python3.10/dist-packages/talkrbot_msgs/talkrbot_msgs_s__rosidl_typesupport_introspection_c.cpython-310-x86_64-linux-gnu.so
-- Up-to-date symlink: /home/vedantso/TalkrBot/install/talkrbot_msgs/local/lib/python3.10/dist-packages/talkrbot_msgs/talkrbot_msgs_s__rosidl_typesupport_c.cpython-310-x86_64-linux-gnu.so
-- Symlinking: /home/vedantso/TalkrBot/install/talkrbot_msgs/share/talkrbot_msgs/msg/AACInput.idl
-- Symlinking: /home/vedantso/TalkrBot/install/talkrbot_msgs/share/talkrbot_msgs/msg/AACInput.msg
-- Up-to-date symlink: /home/vedantso/TalkrBot/install/talkrbot_msgs/share/ament_index/resource_index/package_run_dependencies/talkrbot_msgs
-- Up-to-date symlink: /home/vedantso/TalkrBot/install/talkrbot_msgs/share/ament_index/resource_index/parent_prefix_path/talkrbot_msgs
-- Up-to-date symlink: /home/vedantso/TalkrBot/install/talkrbot_msgs/share/talkrbot_msgs/environment/ament_prefix_path.sh
-- Up-to-date symlink: /home/vedantso/TalkrBot/install/talkrbot_msgs/share/talkrbot_msgs/environment/ament_prefix_path.dsv
-- Up-to-date symlink: /home/vedantso/TalkrBot/install/talkrbot_msgs/share/talkrbot_msgs/environment/path.sh
-- Up-to-date symlink: /home/vedantso/TalkrBot/install/talkrbot_msgs/share/talkrbot_msgs/environment/path.dsv
-- Up-to-date symlink: /home/vedantso/TalkrBot/install/talkrbot_msgs/share/talkrbot_msgs/local_setup.bash
-- Up-to-date symlink: /home/vedantso/TalkrBot/install/talkrbot_msgs/share/talkrbot_msgs/local_setup.sh
-- Up-to-date symlink: /home/vedantso/TalkrBot/install/talkrbot_msgs/share/talkrbot_msgs/local_setup.zsh
-- Up-to-date symlink: /home/vedantso/TalkrBot/install/talkrbot_msgs/share/talkrbot_msgs/local_setup.dsv
-- Symlinking: /home/vedantso/TalkrBot/install/talkrbot_msgs/share/talkrbot_msgs/package.dsv
-- Up-to-date symlink: /home/vedantso/TalkrBot/install/talkrbot_msgs/share/ament_index/resource_index/packages/talkrbot_msgs
-- Symlinking: /home/vedantso/TalkrBot/install/talkrbot_msgs/share/talkrbot_msgs/cmake/rosidl_cmake-extras.cmake
-- Symlinking: /home/vedantso/TalkrBot/install/talkrbot_msgs/share/talkrbot_msgs/cmake/ament_cmake_export_dependencies-extras.cmake
-- Symlinking: /home/vedantso/TalkrBot/install/talkrbot_msgs/share/talkrbot_msgs/cmake/ament_cmake_export_include_directories-extras.cmake
-- Symlinking: /home/vedantso/TalkrBot/install/talkrbot_msgs/share/talkrbot_msgs/cmake/ament_cmake_export_libraries-extras.cmake
-- Symlinking: /home/vedantso/TalkrBot/install/talkrbot_msgs/share/talkrbot_msgs/cmake/ament_cmake_export_targets-extras.cmake
-- Symlinking: /home/vedantso/TalkrBot/install/talkrbot_msgs/share/talkrbot_msgs/cmake/rosidl_cmake_export_typesupport_targets-extras.cmake
-- Symlinking: /home/vedantso/TalkrBot/install/talkrbot_msgs/share/talkrbot_msgs/cmake/rosidl_cmake_export_typesupport_libraries-extras.cmake
-- Up-to-date symlink: /home/vedantso/TalkrBot/install/talkrbot_msgs/share/talkrbot_msgs/cmake/talkrbot_msgsConfig.cmake
-- Up-to-date symlink: /home/vedantso/TalkrBot/install/talkrbot_msgs/share/talkrbot_msgs/cmake/talkrbot_msgsConfig-version.cmake
-- Up-to-date symlink: /home/vedantso/TalkrBot/install/talkrbot_msgs/share/talkrbot_msgs/package.xml
-- Installing: /home/vedantso/TalkrBot/install/talkrbot_msgs/lib/libtalkrbot_msgs__rosidl_generator_c.so
-- Set runtime path of "/home/vedantso/TalkrBot/install/talkrbot_msgs/lib/libtalkrbot_msgs__rosidl_generator_c.so" to ""
-- Installing: /home/vedantso/TalkrBot/install/talkrbot_msgs/lib/libtalkrbot_msgs__rosidl_typesupport_fastrtps_c.so
-- Set runtime path of "/home/vedantso/TalkrBot/install/talkrbot_msgs/lib/libtalkrbot_msgs__rosidl_typesupport_fastrtps_c.so" to ""
-- Installing: /home/vedantso/TalkrBot/install/talkrbot_msgs/lib/libtalkrbot_msgs__rosidl_typesupport_introspection_c.so
-- Set runtime path of "/home/vedantso/TalkrBot/install/talkrbot_msgs/lib/libtalkrbot_msgs__rosidl_typesupport_introspection_c.so" to ""
-- Installing: /home/vedantso/TalkrBot/install/talkrbot_msgs/lib/libtalkrbot_msgs__rosidl_typesupport_c.so
-- Set runtime path of "/home/vedantso/TalkrBot/install/talkrbot_msgs/lib/libtalkrbot_msgs__rosidl_typesupport_c.so" to ""
-- Installing: /home/vedantso/TalkrBot/install/talkrbot_msgs/lib/libtalkrbot_msgs__rosidl_typesupport_fastrtps_cpp.so
-- Set runtime path of "/home/vedantso/TalkrBot/install/talkrbot_msgs/lib/libtalkrbot_msgs__rosidl_typesupport_fastrtps_cpp.so" to ""
-- Installing: /home/vedantso/TalkrBot/install/talkrbot_msgs/lib/libtalkrbot_msgs__rosidl_typesupport_introspection_cpp.so
-- Set runtime path of "/home/vedantso/TalkrBot/install/talkrbot_msgs/lib/libtalkrbot_msgs__rosidl_typesupport_introspection_cpp.so" to ""
-- Installing: /home/vedantso/TalkrBot/install/talkrbot_msgs/lib/libtalkrbot_msgs__rosidl_typesupport_cpp.so
-- Set runtime path of "/home/vedantso/TalkrBot/install/talkrbot_msgs/lib/libtalkrbot_msgs__rosidl_typesupport_cpp.so" to ""
Listing '/home/vedantso/TalkrBot/install/talkrbot_msgs/local/lib/python3.10/dist-packages/talkrbot_msgs'...
Compiling '/home/vedantso/TalkrBot/install/talkrbot_msgs/local/lib/python3.10/dist-packages/talkrbot_msgs/__init__.py'...
Listing '/home/vedantso/TalkrBot/install/talkrbot_msgs/local/lib/python3.10/dist-packages/talkrbot_msgs/msg'...
Compiling '/home/vedantso/TalkrBot/install/talkrbot_msgs/local/lib/python3.10/dist-packages/talkrbot_msgs/msg/__init__.py'...
Compiling '/home/vedantso/TalkrBot/install/talkrbot_msgs/local/lib/python3.10/dist-packages/talkrbot_msgs/msg/_aac_input.py'...
-- Installing: /home/vedantso/TalkrBot/install/talkrbot_msgs/lib/libtalkrbot_msgs__rosidl_generator_py.so
-- Set runtime path of "/home/vedantso/TalkrBot/install/talkrbot_msgs/lib/libtalkrbot_msgs__rosidl_generator_py.so" to ""
-- Installing: /home/vedantso/TalkrBot/install/talkrbot_msgs/share/talkrbot_msgs/cmake/export_talkrbot_msgs__rosidl_generator_cExport.cmake
-- Installing: /home/vedantso/TalkrBot/install/talkrbot_msgs/share/talkrbot_msgs/cmake/export_talkrbot_msgs__rosidl_generator_cExport-noconfig.cmake
-- Installing: /home/vedantso/TalkrBot/install/talkrbot_msgs/share/talkrbot_msgs/cmake/export_talkrbot_msgs__rosidl_typesupport_fastrtps_cExport.cmake
-- Installing: /home/vedantso/TalkrBot/install/talkrbot_msgs/share/talkrbot_msgs/cmake/export_talkrbot_msgs__rosidl_typesupport_fastrtps_cExport-noconfig.cmake
-- Installing: /home/vedantso/TalkrBot/install/talkrbot_msgs/share/talkrbot_msgs/cmake/talkrbot_msgs__rosidl_typesupport_introspection_cExport.cmake
-- Installing: /home/vedantso/TalkrBot/install/talkrbot_msgs/share/talkrbot_msgs/cmake/talkrbot_msgs__rosidl_typesupport_introspection_cExport-noconfig.cmake
-- Installing: /home/vedantso/TalkrBot/install/talkrbot_msgs/share/talkrbot_msgs/cmake/talkrbot_msgs__rosidl_typesupport_cExport.cmake
-- Installing: /home/vedantso/TalkrBot/install/talkrbot_msgs/share/talkrbot_msgs/cmake/talkrbot_msgs__rosidl_typesupport_cExport-noconfig.cmake
-- Installing: /home/vedantso/TalkrBot/install/talkrbot_msgs/share/talkrbot_msgs/cmake/export_talkrbot_msgs__rosidl_generator_cppExport.cmake
-- Installing: /home/vedantso/TalkrBot/install/talkrbot_msgs/share/talkrbot_msgs/cmake/export_talkrbot_msgs__rosidl_typesupport_fastrtps_cppExport.cmake
-- Installing: /home/vedantso/TalkrBot/install/talkrbot_msgs/share/talkrbot_msgs/cmake/export_talkrbot_msgs__rosidl_typesupport_fastrtps_cppExport-noconfig.cmake
-- Installing: /home/vedantso/TalkrBot/install/talkrbot_msgs/share/talkrbot_msgs/cmake/talkrbot_msgs__rosidl_typesupport_introspection_cppExport.cmake
-- Installing: /home/vedantso/TalkrBot/install/talkrbot_msgs/share/talkrbot_msgs/cmake/talkrbot_msgs__rosidl_typesupport_introspection_cppExport-noconfig.cmake
-- Installing: /home/vedantso/TalkrBot/install/talkrbot_msgs/share/talkrbot_msgs/cmake/talkrbot_msgs__rosidl_typesupport_cppExport.cmake
-- Installing: /home/vedantso/TalkrBot/install/talkrbot_msgs/share/talkrbot_msgs/cmake/talkrbot_msgs__rosidl_typesupport_cppExport-noconfig.cmake
-- Installing: /home/vedantso/TalkrBot/install/talkrbot_msgs/share/talkrbot_msgs/cmake/export_talkrbot_msgs__rosidl_generator_pyExport.cmake
-- Installing: /home/vedantso/TalkrBot/install/talkrbot_msgs/share/talkrbot_msgs/cmake/export_talkrbot_msgs__rosidl_generator_pyExport-noconfig.cmake
