[1.016s] Invoking command in '/home/vedantso/TalkrBot/talkrbot_perception': PYTHONPATH=/home/vedantso/TalkrBot/build/talkrbot_perception/prefix_override:/usr/lib/python3/dist-packages/colcon_core/task/python/colcon_distutils_commands:/home/vedantso/TalkrBot/install/talkrbot_perception/lib/python3.10/site-packages:${PYTHONPATH} /usr/bin/python3 -W ignore:setup.py install is deprecated -W ignore:easy_install command is deprecated setup.py egg_info --egg-base ../build/talkrbot_perception build --build-base /home/vedantso/TalkrBot/build/talkrbot_perception/build install --record /home/vedantso/TalkrBot/build/talkrbot_perception/install.log --single-version-externally-managed install_data
[1.170s] running egg_info
[1.170s] writing ../build/talkrbot_perception/talkrbot_perception.egg-info/PKG-INFO
[1.170s] writing dependency_links to ../build/talkrbot_perception/talkrbot_perception.egg-info/dependency_links.txt
[1.171s] writing entry points to ../build/talkrbot_perception/talkrbot_perception.egg-info/entry_points.txt
[1.171s] writing requirements to ../build/talkrbot_perception/talkrbot_perception.egg-info/requires.txt
[1.171s] writing top-level names to ../build/talkrbot_perception/talkrbot_perception.egg-info/top_level.txt
[1.172s] reading manifest file '../build/talkrbot_perception/talkrbot_perception.egg-info/SOURCES.txt'
[1.172s] writing manifest file '../build/talkrbot_perception/talkrbot_perception.egg-info/SOURCES.txt'
[1.172s] running build
[1.172s] running build_py
[1.172s] running install
[1.173s] running install_lib
[1.174s] running install_data
[1.174s] running install_egg_info
[1.175s] removing '/home/vedantso/TalkrBot/install/talkrbot_perception/lib/python3.10/site-packages/talkrbot_perception-0.0.0-py3.10.egg-info' (and everything under it)
[1.175s] Copying ../build/talkrbot_perception/talkrbot_perception.egg-info to /home/vedantso/TalkrBot/install/talkrbot_perception/lib/python3.10/site-packages/talkrbot_perception-0.0.0-py3.10.egg-info
[1.176s] running install_scripts
[1.189s] writing list of installed files to '/home/vedantso/TalkrBot/build/talkrbot_perception/install.log'
[1.204s] Invoked command in '/home/vedantso/TalkrBot/talkrbot_perception' returned '0': PYTHONPATH=/home/vedantso/TalkrBot/build/talkrbot_perception/prefix_override:/usr/lib/python3/dist-packages/colcon_core/task/python/colcon_distutils_commands:/home/vedantso/TalkrBot/install/talkrbot_perception/lib/python3.10/site-packages:${PYTHONPATH} /usr/bin/python3 -W ignore:setup.py install is deprecated -W ignore:easy_install command is deprecated setup.py egg_info --egg-base ../build/talkrbot_perception build --build-base /home/vedantso/TalkrBot/build/talkrbot_perception/build install --record /home/vedantso/TalkrBot/build/talkrbot_perception/install.log --single-version-externally-managed install_data
