[0.393s] Invoking command in '/home/vedantso/TalkrBot/build/talkrbot_aac': PYTHONPATH=/home/vedantso/TalkrBot/build/talkrbot_aac/prefix_override:/usr/lib/python3/dist-packages/colcon_core/task/python/colcon_distutils_commands:/home/vedantso/TalkrBot/install/talkrbot_aac/lib/python3.10/site-packages:${PYTHONPATH} /usr/bin/python3 -W ignore:setup.py install is deprecated -W ignore:easy_install command is deprecated setup.py develop --uninstall --editable --build-directory /home/vedantso/TalkrBot/build/talkrbot_aac/build
[0.555s] running develop
[0.642s] Removing /home/vedantso/TalkrBot/install/talkrbot_aac/lib/python3.10/site-packages/talkrbot-aac.egg-link (link to .)
[0.663s] Invoked command in '/home/vedantso/TalkrBot/build/talkrbot_aac' returned '0': PYTHONPATH=/home/vedantso/TalkrBot/build/talkrbot_aac/prefix_override:/usr/lib/python3/dist-packages/colcon_core/task/python/colcon_distutils_commands:/home/vedantso/TalkrBot/install/talkrbot_aac/lib/python3.10/site-packages:${PYTHONPATH} /usr/bin/python3 -W ignore:setup.py install is deprecated -W ignore:easy_install command is deprecated setup.py develop --uninstall --editable --build-directory /home/vedantso/TalkrBot/build/talkrbot_aac/build
[0.664s] Invoking command in '/home/vedantso/TalkrBot/talkrbot_aac': PYTHONPATH=/home/vedantso/TalkrBot/build/talkrbot_aac/prefix_override:/usr/lib/python3/dist-packages/colcon_core/task/python/colcon_distutils_commands:/home/vedantso/TalkrBot/install/talkrbot_aac/lib/python3.10/site-packages:${PYTHONPATH} /usr/bin/python3 -W ignore:setup.py install is deprecated -W ignore:easy_install command is deprecated setup.py egg_info --egg-base ../build/talkrbot_aac build --build-base /home/vedantso/TalkrBot/build/talkrbot_aac/build install --record /home/vedantso/TalkrBot/build/talkrbot_aac/install.log --single-version-externally-managed install_data --force
[0.818s] running egg_info
[0.818s] writing ../build/talkrbot_aac/talkrbot_aac.egg-info/PKG-INFO
[0.818s] writing dependency_links to ../build/talkrbot_aac/talkrbot_aac.egg-info/dependency_links.txt
[0.818s] writing entry points to ../build/talkrbot_aac/talkrbot_aac.egg-info/entry_points.txt
[0.818s] writing requirements to ../build/talkrbot_aac/talkrbot_aac.egg-info/requires.txt
[0.818s] writing top-level names to ../build/talkrbot_aac/talkrbot_aac.egg-info/top_level.txt
[0.819s] reading manifest file '../build/talkrbot_aac/talkrbot_aac.egg-info/SOURCES.txt'
[0.819s] writing manifest file '../build/talkrbot_aac/talkrbot_aac.egg-info/SOURCES.txt'
[0.819s] running build
[0.819s] running build_py
[0.819s] copying talkrbot_aac/aac_node.py -> /home/vedantso/TalkrBot/build/talkrbot_aac/build/lib/talkrbot_aac
[0.820s] running install
[0.820s] running install_lib
[0.820s] creating /home/vedantso/TalkrBot/install/talkrbot_aac/lib/python3.10/site-packages/talkrbot_aac
[0.820s] copying /home/vedantso/TalkrBot/build/talkrbot_aac/build/lib/talkrbot_aac/__init__.py -> /home/vedantso/TalkrBot/install/talkrbot_aac/lib/python3.10/site-packages/talkrbot_aac
[0.820s] copying /home/vedantso/TalkrBot/build/talkrbot_aac/build/lib/talkrbot_aac/aac_node.py -> /home/vedantso/TalkrBot/install/talkrbot_aac/lib/python3.10/site-packages/talkrbot_aac
[0.820s] byte-compiling /home/vedantso/TalkrBot/install/talkrbot_aac/lib/python3.10/site-packages/talkrbot_aac/__init__.py to __init__.cpython-310.pyc
[0.821s] byte-compiling /home/vedantso/TalkrBot/install/talkrbot_aac/lib/python3.10/site-packages/talkrbot_aac/aac_node.py to aac_node.cpython-310.pyc
[0.821s] running install_data
[0.821s] copying resource/talkrbot_aac -> /home/vedantso/TalkrBot/install/talkrbot_aac/share/ament_index/resource_index/packages
[0.821s] copying package.xml -> /home/vedantso/TalkrBot/install/talkrbot_aac/share/talkrbot_aac
[0.822s] running install_egg_info
[0.823s] Copying ../build/talkrbot_aac/talkrbot_aac.egg-info to /home/vedantso/TalkrBot/install/talkrbot_aac/lib/python3.10/site-packages/talkrbot_aac-0.0.0-py3.10.egg-info
[0.823s] running install_scripts
[0.836s] Installing aac_node script to /home/vedantso/TalkrBot/install/talkrbot_aac/lib/talkrbot_aac
[0.836s] writing list of installed files to '/home/vedantso/TalkrBot/build/talkrbot_aac/install.log'
[0.854s] Invoked command in '/home/vedantso/TalkrBot/talkrbot_aac' returned '0': PYTHONPATH=/home/vedantso/TalkrBot/build/talkrbot_aac/prefix_override:/usr/lib/python3/dist-packages/colcon_core/task/python/colcon_distutils_commands:/home/vedantso/TalkrBot/install/talkrbot_aac/lib/python3.10/site-packages:${PYTHONPATH} /usr/bin/python3 -W ignore:setup.py install is deprecated -W ignore:easy_install command is deprecated setup.py egg_info --egg-base ../build/talkrbot_aac build --build-base /home/vedantso/TalkrBot/build/talkrbot_aac/build install --record /home/vedantso/TalkrBot/build/talkrbot_aac/install.log --single-version-externally-managed install_data --force
