[1.043s] Invoking command in '/home/vedantso/TalkrBot/build/talkrbot_nav': PYTHONPATH=/home/vedantso/TalkrBot/build/talkrbot_nav/prefix_override:/usr/lib/python3/dist-packages/colcon_core/task/python/colcon_distutils_commands:/home/vedantso/TalkrBot/install/talkrbot_nav/lib/python3.10/site-packages:${PYTHONPATH} /usr/bin/python3 -W ignore:setup.py install is deprecated -W ignore:easy_install command is deprecated setup.py develop --editable --build-directory /home/vedantso/TalkrBot/build/talkrbot_nav/build --no-deps symlink_data
[1.211s] running develop
[1.298s] running egg_info
[1.298s] creating talkrbot_nav.egg-info
[1.298s] writing talkrbot_nav.egg-info/PKG-INFO
[1.298s] writing dependency_links to talkrbot_nav.egg-info/dependency_links.txt
[1.298s] writing entry points to talkrbot_nav.egg-info/entry_points.txt
[1.298s] writing requirements to talkrbot_nav.egg-info/requires.txt
[1.298s] writing top-level names to talkrbot_nav.egg-info/top_level.txt
[1.298s] writing manifest file 'talkrbot_nav.egg-info/SOURCES.txt'
[1.299s] reading manifest file 'talkrbot_nav.egg-info/SOURCES.txt'
[1.300s] writing manifest file 'talkrbot_nav.egg-info/SOURCES.txt'
[1.301s] running build_ext
[1.301s] Creating /home/vedantso/TalkrBot/install/talkrbot_nav/lib/python3.10/site-packages/talkrbot-nav.egg-link (link to .)
[1.301s] 
[1.301s] Installed /home/vedantso/TalkrBot/build/talkrbot_nav
[1.301s] running symlink_data
[1.301s] creating /home/vedantso/TalkrBot/install/talkrbot_nav/share/ament_index
[1.302s] creating /home/vedantso/TalkrBot/install/talkrbot_nav/share/ament_index/resource_index
[1.302s] creating /home/vedantso/TalkrBot/install/talkrbot_nav/share/ament_index/resource_index/packages
[1.302s] symbolically linking /home/vedantso/TalkrBot/build/talkrbot_nav/resource/talkrbot_nav -> /home/vedantso/TalkrBot/install/talkrbot_nav/share/ament_index/resource_index/packages
[1.302s] symbolically linking /home/vedantso/TalkrBot/build/talkrbot_nav/package.xml -> /home/vedantso/TalkrBot/install/talkrbot_nav/share/talkrbot_nav
[1.344s] Invoked command in '/home/vedantso/TalkrBot/build/talkrbot_nav' returned '0': PYTHONPATH=/home/vedantso/TalkrBot/build/talkrbot_nav/prefix_override:/usr/lib/python3/dist-packages/colcon_core/task/python/colcon_distutils_commands:/home/vedantso/TalkrBot/install/talkrbot_nav/lib/python3.10/site-packages:${PYTHONPATH} /usr/bin/python3 -W ignore:setup.py install is deprecated -W ignore:easy_install command is deprecated setup.py develop --editable --build-directory /home/vedantso/TalkrBot/build/talkrbot_nav/build --no-deps symlink_data
