running develop
running egg_info
creating talkrbot_aac.egg-info
writing talkrbot_aac.egg-info/PKG-INFO
writing dependency_links to talkrbot_aac.egg-info/dependency_links.txt
writing entry points to talkrbot_aac.egg-info/entry_points.txt
writing requirements to talkrbot_aac.egg-info/requires.txt
writing top-level names to talkrbot_aac.egg-info/top_level.txt
writing manifest file 'talkrbot_aac.egg-info/SOURCES.txt'
reading manifest file 'talkrbot_aac.egg-info/SOURCES.txt'
writing manifest file 'talkrbot_aac.egg-info/SOURCES.txt'
running build_ext
Creating /home/vedantso/TalkrBot/install/talkrbot_aac/lib/python3.10/site-packages/talkrbot-aac.egg-link (link to .)
Installing aac_node script to /home/vedantso/TalkrBot/install/talkrbot_aac/lib/talkrbot_aac

Installed /home/vedantso/TalkrBot/build/talkrbot_aac
running symlink_data
creating /home/vedantso/TalkrBot/install/talkrbot_aac/share/ament_index
creating /home/vedantso/TalkrBot/install/talkrbot_aac/share/ament_index/resource_index
creating /home/vedantso/TalkrBot/install/talkrbot_aac/share/ament_index/resource_index/packages
symbolically linking /home/vedantso/TalkrBot/build/talkrbot_aac/resource/talkrbot_aac -> /home/vedantso/TalkrBot/install/talkrbot_aac/share/ament_index/resource_index/packages
symbolically linking /home/vedantso/TalkrBot/build/talkrbot_aac/package.xml -> /home/vedantso/TalkrBot/install/talkrbot_aac/share/talkrbot_aac
