[1.012s] Invoking command in '/home/vedantso/TalkrBot/build/talkrbot_aac': PYTHONPATH=/home/vedantso/TalkrBot/build/talkrbot_aac/prefix_override:/usr/lib/python3/dist-packages/colcon_core/task/python/colcon_distutils_commands:/home/vedantso/TalkrBot/install/talkrbot_aac/lib/python3.10/site-packages:${PYTHONPATH} /usr/bin/python3 -W ignore:setup.py install is deprecated -W ignore:easy_install command is deprecated setup.py develop --editable --build-directory /home/vedantso/TalkrBot/build/talkrbot_aac/build --no-deps symlink_data
[1.167s] running develop
[1.253s] running egg_info
[1.253s] creating talkrbot_aac.egg-info
[1.253s] writing talkrbot_aac.egg-info/PKG-INFO
[1.254s] writing dependency_links to talkrbot_aac.egg-info/dependency_links.txt
[1.254s] writing entry points to talkrbot_aac.egg-info/entry_points.txt
[1.254s] writing requirements to talkrbot_aac.egg-info/requires.txt
[1.254s] writing top-level names to talkrbot_aac.egg-info/top_level.txt
[1.254s] writing manifest file 'talkrbot_aac.egg-info/SOURCES.txt'
[1.254s] reading manifest file 'talkrbot_aac.egg-info/SOURCES.txt'
[1.255s] writing manifest file 'talkrbot_aac.egg-info/SOURCES.txt'
[1.256s] running build_ext
[1.256s] Creating /home/vedantso/TalkrBot/install/talkrbot_aac/lib/python3.10/site-packages/talkrbot-aac.egg-link (link to .)
[1.256s] 
[1.256s] Installed /home/vedantso/TalkrBot/build/talkrbot_aac
[1.256s] running symlink_data
[1.256s] creating /home/vedantso/TalkrBot/install/talkrbot_aac/share/ament_index
[1.256s] creating /home/vedantso/TalkrBot/install/talkrbot_aac/share/ament_index/resource_index
[1.257s] creating /home/vedantso/TalkrBot/install/talkrbot_aac/share/ament_index/resource_index/packages
[1.257s] symbolically linking /home/vedantso/TalkrBot/build/talkrbot_aac/resource/talkrbot_aac -> /home/vedantso/TalkrBot/install/talkrbot_aac/share/ament_index/resource_index/packages
[1.257s] symbolically linking /home/vedantso/TalkrBot/build/talkrbot_aac/package.xml -> /home/vedantso/TalkrBot/install/talkrbot_aac/share/talkrbot_aac
[1.290s] Invoked command in '/home/vedantso/TalkrBot/build/talkrbot_aac' returned '0': PYTHONPATH=/home/vedantso/TalkrBot/build/talkrbot_aac/prefix_override:/usr/lib/python3/dist-packages/colcon_core/task/python/colcon_distutils_commands:/home/vedantso/TalkrBot/install/talkrbot_aac/lib/python3.10/site-packages:${PYTHONPATH} /usr/bin/python3 -W ignore:setup.py install is deprecated -W ignore:easy_install command is deprecated setup.py develop --editable --build-directory /home/vedantso/TalkrBot/build/talkrbot_aac/build --no-deps symlink_data
