running develop
Removing /home/vedantso/TalkrBot/install/talkrbot_perception/lib/python3.10/site-packages/talkrbot-perception.egg-link (link to .)
running egg_info
writing ../build/talkrbot_perception/talkrbot_perception.egg-info/PKG-INFO
writing dependency_links to ../build/talkrbot_perception/talkrbot_perception.egg-info/dependency_links.txt
writing entry points to ../build/talkrbot_perception/talkrbot_perception.egg-info/entry_points.txt
writing requirements to ../build/talkrbot_perception/talkrbot_perception.egg-info/requires.txt
writing top-level names to ../build/talkrbot_perception/talkrbot_perception.egg-info/top_level.txt
reading manifest file '../build/talkrbot_perception/talkrbot_perception.egg-info/SOURCES.txt'
writing manifest file '../build/talkrbot_perception/talkrbot_perception.egg-info/SOURCES.txt'
running build
running build_py
creating /home/vedantso/TalkrBot/build/talkrbot_perception/build
creating /home/vedantso/TalkrBot/build/talkrbot_perception/build/lib
creating /home/vedantso/TalkrBot/build/talkrbot_perception/build/lib/talkrbot_perception
copying talkrbot_perception/__init__.py -> /home/vedantso/TalkrBot/build/talkrbot_perception/build/lib/talkrbot_perception
running install
running install_lib
creating /home/vedantso/TalkrBot/install/talkrbot_perception/lib/python3.10/site-packages/talkrbot_perception
copying /home/vedantso/TalkrBot/build/talkrbot_perception/build/lib/talkrbot_perception/__init__.py -> /home/vedantso/TalkrBot/install/talkrbot_perception/lib/python3.10/site-packages/talkrbot_perception
byte-compiling /home/vedantso/TalkrBot/install/talkrbot_perception/lib/python3.10/site-packages/talkrbot_perception/__init__.py to __init__.cpython-310.pyc
running install_data
copying resource/talkrbot_perception -> /home/vedantso/TalkrBot/install/talkrbot_perception/share/ament_index/resource_index/packages
copying package.xml -> /home/vedantso/TalkrBot/install/talkrbot_perception/share/talkrbot_perception
running install_egg_info
Copying ../build/talkrbot_perception/talkrbot_perception.egg-info to /home/vedantso/TalkrBot/install/talkrbot_perception/lib/python3.10/site-packages/talkrbot_perception-0.0.0-py3.10.egg-info
running install_scripts
writing list of installed files to '/home/vedantso/TalkrBot/build/talkrbot_perception/install.log'
