[1.042s] Invoking command in '/home/vedantso/TalkrBot/build/talkrbot_perception': PYTHONPATH=/home/vedantso/TalkrBot/build/talkrbot_perception/prefix_override:/usr/lib/python3/dist-packages/colcon_core/task/python/colcon_distutils_commands:/home/vedantso/TalkrBot/install/talkrbot_perception/lib/python3.10/site-packages:${PYTHONPATH} /usr/bin/python3 -W ignore:setup.py install is deprecated -W ignore:easy_install command is deprecated setup.py develop --editable --build-directory /home/vedantso/TalkrBot/build/talkrbot_perception/build --no-deps symlink_data
[1.233s] running develop
[1.325s] running egg_info
[1.325s] creating talkrbot_perception.egg-info
[1.326s] writing talkrbot_perception.egg-info/PKG-INFO
[1.326s] writing dependency_links to talkrbot_perception.egg-info/dependency_links.txt
[1.326s] writing entry points to talkrbot_perception.egg-info/entry_points.txt
[1.326s] writing requirements to talkrbot_perception.egg-info/requires.txt
[1.327s] writing top-level names to talkrbot_perception.egg-info/top_level.txt
[1.327s] writing manifest file 'talkrbot_perception.egg-info/SOURCES.txt'
[1.327s] reading manifest file 'talkrbot_perception.egg-info/SOURCES.txt'
[1.327s] writing manifest file 'talkrbot_perception.egg-info/SOURCES.txt'
[1.330s] running build_ext
[1.330s] Creating /home/vedantso/TalkrBot/install/talkrbot_perception/lib/python3.10/site-packages/talkrbot-perception.egg-link (link to .)
[1.330s] 
[1.330s] Installed /home/vedantso/TalkrBot/build/talkrbot_perception
[1.331s] running symlink_data
[1.331s] creating /home/vedantso/TalkrBot/install/talkrbot_perception/share/ament_index
[1.331s] creating /home/vedantso/TalkrBot/install/talkrbot_perception/share/ament_index/resource_index
[1.331s] creating /home/vedantso/TalkrBot/install/talkrbot_perception/share/ament_index/resource_index/packages
[1.331s] symbolically linking /home/vedantso/TalkrBot/build/talkrbot_perception/resource/talkrbot_perception -> /home/vedantso/TalkrBot/install/talkrbot_perception/share/ament_index/resource_index/packages
[1.331s] symbolically linking /home/vedantso/TalkrBot/build/talkrbot_perception/package.xml -> /home/vedantso/TalkrBot/install/talkrbot_perception/share/talkrbot_perception
[1.353s] Invoked command in '/home/vedantso/TalkrBot/build/talkrbot_perception' returned '0': PYTHONPATH=/home/vedantso/TalkrBot/build/talkrbot_perception/prefix_override:/usr/lib/python3/dist-packages/colcon_core/task/python/colcon_distutils_commands:/home/vedantso/TalkrBot/install/talkrbot_perception/lib/python3.10/site-packages:${PYTHONPATH} /usr/bin/python3 -W ignore:setup.py install is deprecated -W ignore:easy_install command is deprecated setup.py develop --editable --build-directory /home/vedantso/TalkrBot/build/talkrbot_perception/build --no-deps symlink_data
